\BOOKMARK [1][-]{section.1}{\376\377\000W\000s\000t\001\031\000p}{}% 1
\BOOKMARK [2][-]{subsection.1.1}{\376\377\000U\001\174\000y\000t\000y\000\040\000S\000p\000r\000z\001\031\000t}{section.1}% 2
\BOOKMARK [3][-]{subsubsection.1.1.1}{\376\377\000O\000s\000c\000y\000l\000o\000s\000k\000o\000p}{subsection.1.1}% 3
\BOOKMARK [3][-]{subsubsection.1.1.2}{\376\377\000G\000e\000n\000e\000r\000a\000t\000o\000r\000\040\000f\000u\000n\000k\000c\000y\000j\000n\000y}{subsection.1.1}% 4
\BOOKMARK [2][-]{subsection.1.2}{\376\377\000T\000e\000o\000r\000i\000a}{section.1}% 5
\BOOKMARK [3][-]{subsubsection.1.2.1}{\376\377\000R\000o\000d\000z\000a\000j\000e\000\040\000s\000y\000g\000n\000a\001\102\000\363\000w\000\040\000a\000n\000a\000l\000o\000g\000o\000w\000y\000c\000h}{subsection.1.2}% 6
\BOOKMARK [3][-]{subsubsection.1.2.2}{\376\377\000S\000y\000g\000n\000a\001\102\000y\000\040\000s\000i\000n\000u\000s\000o\000i\000d\000a\000l\000n\000e}{subsection.1.2}% 7
\BOOKMARK [1][-]{section.2}{\376\377\001\006\000w\000i\000c\000z\000e\000n\000i\000a}{}% 8
\BOOKMARK [2][-]{subsection.2.1}{\376\377\001\006\000w\000i\000c\000z\000e\000n\000i\000e\000\040\0001\000.\0001}{section.2}% 9
\BOOKMARK [3][-]{subsubsection.2.1.1}{\376\377\000F\000a\000l\000a\000\040\000s\000i\000n\000u\000s\000o\000i\000d\000a\000l\000n\000a}{subsection.2.1}% 10
\BOOKMARK [3][-]{subsubsection.2.1.2}{\376\377\000F\000a\000l\000a\000\040\000t\000r\000\363\000j\000k\001\005\000t\000n\000a}{subsection.2.1}% 11
\BOOKMARK [3][-]{subsubsection.2.1.3}{\376\377\000F\000a\000l\000a\000\040\000p\000r\000o\000s\000t\000o\000k\001\005\000t\000n\000a}{subsection.2.1}% 12
\BOOKMARK [2][-]{subsection.2.2}{\376\377\001\006\000w\000i\000c\000z\000e\000n\000i\000e\000\040\0001\000.\0002}{section.2}% 13
\BOOKMARK [3][-]{subsubsection.2.2.1}{\376\377\000L\000i\000n\000i\000a}{subsection.2.2}% 14
\BOOKMARK [3][-]{subsubsection.2.2.2}{\376\377\000K\000o\001\102\000o}{subsection.2.2}% 15
\BOOKMARK [3][-]{subsubsection.2.2.3}{\376\377\000E\000l\000i\000p\000s\000a}{subsection.2.2}% 16
\BOOKMARK [3][-]{subsubsection.2.2.4}{\376\377\000P\000r\000e\000c\000e\000l\000e\000k}{subsection.2.2}% 17
\BOOKMARK [3][-]{subsubsection.2.2.5}{\376\377\000A\000b\000s\000t\000r\000a\000k\000c\000y\000j\000n\000y\000\040\000K\000s\000z\000t\000a\001\102\000t}{subsection.2.2}% 18
\BOOKMARK [2][-]{subsection.2.3}{\376\377\001\006\000w\000i\000c\000z\000e\000n\000i\000e\000\040\0001\000.\0003}{section.2}% 19
\BOOKMARK [1][-]{section.3}{\376\377\000O\000m\000\363\000w\000i\000e\000n\000i\000e\000\040\000w\000y\000n\000i\000k\000\363\000w}{}% 20
\BOOKMARK [2][-]{subsection.3.1}{\376\377\001\006\000w\000i\000c\000z\000e\000n\000i\000e\000\040\0001\000.\0001}{section.3}% 21
\BOOKMARK [2][-]{subsection.3.2}{\376\377\001\006\000w\000i\000c\000z\000e\000n\000i\000e\000\040\0001\000.\0002}{section.3}% 22
\BOOKMARK [2][-]{subsection.3.3}{\376\377\001\006\000w\000i\000c\000z\000e\000n\000i\000e\000\040\0001\000.\0003}{section.3}% 23
\BOOKMARK [1][-]{section.4}{\376\377\000P\000o\000d\000s\000u\000m\000o\000w\000a\000n\000i\000e}{}% 24
\BOOKMARK [1][-]{section.5}{\376\377\000N\000o\000t\000a\000t\000k\000i\000\040\000z\000\040\000z\000e\000s\000z\000y\000t\000u\000\040\000l\000a\000b\000o\000r\000a\000t\000o\000r\000y\000j\000n\000e\000g\000o}{}% 25
