This is pdfTeX, Version 3.141592653-2.6-1.40.22 (TeX Live 2022/dev/Debian) (preloaded format=pdflatex 2023.10.15)  13 MAY 2024 20:02
entering extended mode
 restricted \write18 enabled.
 file:line:error style messages enabled.
 %&-line parsing enabled.
**/home/tomdz/Programming/Elektronika/lab4/lab4.tex
(/home/tomdz/Programming/Elektronika/lab4/lab4.tex
LaTeX2e <2021-11-15> patch level 1
L3 programming layer <2022-01-21> (/usr/share/texlive/texmf-dist/tex/latex/base/article.cls
Document Class: article 2021/10/04 v1.4n Standard LaTeX document class
(/usr/share/texlive/texmf-dist/tex/latex/base/size10.clo
File: size10.clo 2021/10/04 v1.4n Standard LaTeX file (size option)
)
\c@part=\count185
\c@section=\count186
\c@subsection=\count187
\c@subsubsection=\count188
\c@paragraph=\count189
\c@subparagraph=\count190
\c@figure=\count191
\c@table=\count192
\abovecaptionskip=\skip47
\belowcaptionskip=\skip48
\bibindent=\dimen138
) (/usr/share/texlive/texmf-dist/tex/latex/base/fontenc.sty
Package: fontenc 2021/04/29 v2.0v Standard LaTeX package
) (/usr/share/texlive/texmf-dist/tex/generic/babel/babel.sty
Package: babel 2022/01/26 3.70 The Babel package
\babel@savecnt=\count193
\U@D=\dimen139
\l@unhyphenated=\language87
 (/usr/share/texlive/texmf-dist/tex/generic/babel/txtbabel.def)
\bbl@readstream=\read2
\bbl@dirlevel=\count194
 (/usr/share/texlive/texmf-dist/tex/generic/babel-polish/polish.ldf
Language: polish 2005/03/31 v1.2l Polish support from the babel system
Package babel Info: Making " an active character on input line 83.
\pl@left=\dimen140
\pl@down=\dimen141
\pl@right=\dimen142
\pl@temp=\dimen143
)) (/usr/share/texlive/texmf-dist/tex/latex/base/inputenc.sty
Package: inputenc 2021/02/14 v1.3d Input encoding file
\inpenc@prehook=\toks16
\inpenc@posthook=\toks17
) (/usr/share/texlive/texmf-dist/tex/latex/graphics/graphicx.sty
Package: graphicx 2021/09/16 v1.2d Enhanced LaTeX Graphics (DPC,SPQR)
 (/usr/share/texlive/texmf-dist/tex/latex/graphics/keyval.sty
Package: keyval 2014/10/28 v1.15 key=value parser (DPC)
\KV@toks@=\toks18
) (/usr/share/texlive/texmf-dist/tex/latex/graphics/graphics.sty
Package: graphics 2021/03/04 v1.4d Standard LaTeX Graphics (DPC,SPQR)
 (/usr/share/texlive/texmf-dist/tex/latex/graphics/trig.sty
Package: trig 2021/08/11 v1.11 sin cos tan (DPC)
) (/usr/share/texlive/texmf-dist/tex/latex/graphics-cfg/graphics.cfg
File: graphics.cfg 2016/06/04 v1.11 sample graphics configuration
)
Package graphics Info: Driver file: pdftex.def on input line 107.
 (/usr/share/texlive/texmf-dist/tex/latex/graphics-def/pdftex.def
File: pdftex.def 2020/10/05 v1.2a Graphics/color driver for pdftex
))
\Gin@req@height=\dimen144
\Gin@req@width=\dimen145
) (/usr/share/texlive/texmf-dist/tex/latex/caption/subcaption.sty
Package: subcaption 2020/10/07 v1.3j Sub-captions (AR)
 (/usr/share/texlive/texmf-dist/tex/latex/caption/caption.sty
Package: caption 2020/10/26 v3.5g Customizing captions (AR)
 (/usr/share/texlive/texmf-dist/tex/latex/caption/caption3.sty
Package: caption3 2020/10/21 v2.2e caption3 kernel (AR)
\captionmargin=\dimen146
\captionmargin@=\dimen147
\captionwidth=\dimen148
\caption@tempdima=\dimen149
\caption@indent=\dimen150
\caption@parindent=\dimen151
\caption@hangindent=\dimen152
Package caption Info: Standard document class detected.
)
\c@caption@flags=\count195
\c@continuedfloat=\count196
)
\c@subfigure=\count197
\c@subtable=\count198
) (/usr/share/texlive/texmf-dist/tex/latex/geometry/geometry.sty
Package: geometry 2020/01/02 v5.9 Page Geometry
 (/usr/share/texlive/texmf-dist/tex/generic/iftex/ifvtex.sty
Package: ifvtex 2019/10/25 v1.7 ifvtex legacy package. Use iftex instead.
 (/usr/share/texlive/texmf-dist/tex/generic/iftex/iftex.sty
Package: iftex 2020/03/06 v1.0d TeX engine tests
))
\Gm@cnth=\count199
\Gm@cntv=\count266
\c@Gm@tempcnt=\count267
\Gm@bindingoffset=\dimen153
\Gm@wd@mp=\dimen154
\Gm@odd@mp=\dimen155
\Gm@even@mp=\dimen156
\Gm@layoutwidth=\dimen157
\Gm@layoutheight=\dimen158
\Gm@layouthoffset=\dimen159
\Gm@layoutvoffset=\dimen160
\Gm@dimlist=\toks19
) (/usr/share/texlive/texmf-dist/tex/latex/listings/listings.sty
\lst@mode=\count268
\lst@gtempboxa=\box50
\lst@token=\toks20
\lst@length=\count269
\lst@currlwidth=\dimen161
\lst@column=\count270
\lst@pos=\count271
\lst@lostspace=\dimen162
\lst@width=\dimen163
\lst@newlines=\count272
\lst@lineno=\count273
\lst@maxwidth=\dimen164
 (/usr/share/texlive/texmf-dist/tex/latex/listings/lstmisc.sty
File: lstmisc.sty 2020/03/24 1.8d (Carsten Heinz)
\c@lstnumber=\count274
\lst@skipnumbers=\count275
\lst@framebox=\box51
) (/usr/share/texlive/texmf-dist/tex/latex/listings/listings.cfg
File: listings.cfg 2020/03/24 1.8d listings configuration
))
Package: listings 2020/03/24 1.8d (Carsten Heinz)
 (/usr/share/texlive/texmf-dist/tex/latex/graphics/color.sty
Package: color 2021/12/07 v1.3c Standard LaTeX Color (DPC)
 (/usr/share/texlive/texmf-dist/tex/latex/graphics-cfg/color.cfg
File: color.cfg 2016/01/02 v1.6 sample color configuration
)
Package color Info: Driver file: pdftex.def on input line 149.
) (/usr/share/texlive/texmf-dist/tex/latex/amsmath/amsmath.sty
Package: amsmath 2021/10/15 v2.17l AMS math features
\@mathmargin=\skip49

For additional information on amsmath, use the `?' option.
(/usr/share/texlive/texmf-dist/tex/latex/amsmath/amstext.sty
Package: amstext 2021/08/26 v2.01 AMS text
 (/usr/share/texlive/texmf-dist/tex/latex/amsmath/amsgen.sty
File: amsgen.sty 1999/11/30 v2.0 generic functions
\@emptytoks=\toks21
\ex@=\dimen165
)) (/usr/share/texlive/texmf-dist/tex/latex/amsmath/amsbsy.sty
Package: amsbsy 1999/11/29 v1.2d Bold Symbols
\pmbraise@=\dimen166
) (/usr/share/texlive/texmf-dist/tex/latex/amsmath/amsopn.sty
Package: amsopn 2021/08/26 v2.02 operator names
)
\inf@bad=\count276
LaTeX Info: Redefining \frac on input line 234.
\uproot@=\count277
\leftroot@=\count278
LaTeX Info: Redefining \overline on input line 399.
\classnum@=\count279
\DOTSCASE@=\count280
LaTeX Info: Redefining \ldots on input line 496.
LaTeX Info: Redefining \dots on input line 499.
LaTeX Info: Redefining \cdots on input line 620.
\Mathstrutbox@=\box52
\strutbox@=\box53
\big@size=\dimen167
LaTeX Font Info:    Redeclaring font encoding OML on input line 743.
LaTeX Font Info:    Redeclaring font encoding OMS on input line 744.
\macc@depth=\count281
\c@MaxMatrixCols=\count282
\dotsspace@=\muskip16
\c@parentequation=\count283
\dspbrk@lvl=\count284
\tag@help=\toks22
\row@=\count285
\column@=\count286
\maxfields@=\count287
\andhelp@=\toks23
\eqnshift@=\dimen168
\alignsep@=\dimen169
\tagshift@=\dimen170
\tagwidth@=\dimen171
\totwidth@=\dimen172
\lineht@=\dimen173
\@envbody=\toks24
\multlinegap=\skip50
\multlinetaggap=\skip51
\mathdisplay@stack=\toks25
LaTeX Info: Redefining \[ on input line 2938.
LaTeX Info: Redefining \] on input line 2939.
) (/usr/share/texlive/texmf-dist/tex/latex/xcolor/xcolor.sty
Package: xcolor 2021/10/31 v2.13 LaTeX color extensions (UK)
 (/usr/share/texlive/texmf-dist/tex/latex/graphics-cfg/color.cfg
File: color.cfg 2016/01/02 v1.6 sample color configuration
)
Package xcolor Info: Driver file: pdftex.def on input line 227.
LaTeX Info: Redefining \color on input line 711.
Package xcolor Info: Model `cmy' substituted by `cmy0' on input line 1352.
Package xcolor Info: Model `hsb' substituted by `rgb' on input line 1356.
Package xcolor Info: Model `RGB' extended on input line 1368.
Package xcolor Info: Model `HTML' substituted by `rgb' on input line 1370.
Package xcolor Info: Model `Hsb' substituted by `hsb' on input line 1371.
Package xcolor Info: Model `tHsb' substituted by `hsb' on input line 1372.
Package xcolor Info: Model `HSB' substituted by `hsb' on input line 1373.
Package xcolor Info: Model `Gray' substituted by `gray' on input line 1374.
Package xcolor Info: Model `wave' substituted by `hsb' on input line 1375.
) (/usr/share/texlive/texmf-dist/tex/generic/systeme/systeme.sty (/usr/share/texlive/texmf-dist/tex/generic/xstring/xstring.sty (/usr/share/texlive/texmf-dist/tex/generic/xstring/xstring.tex
\integerpart=\count288
\decimalpart=\count289
)
Package: xstring 2021/07/21 v1.84 String manipulations (CT)
) (/usr/share/texlive/texmf-dist/tex/generic/systeme/systeme.tex
\SYS_systemecode=\toks26
\SYS_systempreamble=\toks27
\SYSeqnum=\count290
)
Package: systeme 2020/05/03 v0.34 Mise en forme de systemes d'equations (CT)
) (/usr/share/texlive/texmf-dist/tex/latex/tools/indentfirst.sty
Package: indentfirst 1995/11/23 v1.03 Indent first paragraph (DPC)
) (/usr/share/texlive/texmf-dist/tex/latex/doublestroke/dsfont.sty
Package: dsfont 1995/08/01 v0.1 Double stroke roman fonts
) (/usr/share/texlive/texmf-dist/tex/latex/etoolbox/etoolbox.sty
Package: etoolbox 2020/10/05 v2.5k e-TeX tools for LaTeX (JAW)
\etb@tempcnta=\count291
) (/usr/share/texlive/texmf-dist/tex/latex/blindtext/blindtext.sty
Package: blindtext 2012/01/06 V2.0 blindtext-Package
 (/usr/share/texlive/texmf-dist/tex/latex/tools/xspace.sty
Package: xspace 2014/10/28 v1.13 Space after command names (DPC,MH)
)
\c@blindtext=\count292
\c@Blindtext=\count293
\c@blind@countparstart=\count294
\blind@countxx=\count295
\blindtext@numBlindtext=\count296
\blind@countyy=\count297
\c@blindlist=\count298
\c@blindlistlevel=\count299
\c@blindlist@level=\count300
\blind@listitem=\count301
\c@blind@listcount=\count302
\c@blind@levelcount=\count303
\blind@mathformula=\count304
\blind@Mathformula=\count305
\c@blind@randomcount=\count306
\c@blind@randommax=\count307
\c@blind@pangramcount=\count308
\c@blind@pangrammax=\count309
) (/usr/share/texlive/texmf-dist/tex/latex/fancyhdr/fancyhdr.sty
Package: fancyhdr 2021/01/28 v4.0.1 Extensive control of page headers and footers
\f@nch@headwidth=\skip52
\f@nch@O@elh=\skip53
\f@nch@O@erh=\skip54
\f@nch@O@olh=\skip55
\f@nch@O@orh=\skip56
\f@nch@O@elf=\skip57
\f@nch@O@erf=\skip58
\f@nch@O@olf=\skip59
\f@nch@O@orf=\skip60
) (/usr/share/texlive/texmf-dist/tex/latex/hyperref/hyperref.sty
Package: hyperref 2021-06-07 v7.00m Hypertext links for LaTeX
 (/usr/share/texlive/texmf-dist/tex/generic/ltxcmds/ltxcmds.sty
Package: ltxcmds 2020-05-10 v1.25 LaTeX kernel commands for general use (HO)
) (/usr/share/texlive/texmf-dist/tex/generic/pdftexcmds/pdftexcmds.sty
Package: pdftexcmds 2020-06-27 v0.33 Utility functions of pdfTeX for LuaTeX (HO)
 (/usr/share/texlive/texmf-dist/tex/generic/infwarerr/infwarerr.sty
Package: infwarerr 2019/12/03 v1.5 Providing info/warning/error messages (HO)
)
Package pdftexcmds Info: \pdf@primitive is available.
Package pdftexcmds Info: \pdf@ifprimitive is available.
Package pdftexcmds Info: \pdfdraftmode found.
) (/usr/share/texlive/texmf-dist/tex/generic/kvsetkeys/kvsetkeys.sty
Package: kvsetkeys 2019/12/15 v1.18 Key value parser (HO)
) (/usr/share/texlive/texmf-dist/tex/generic/kvdefinekeys/kvdefinekeys.sty
Package: kvdefinekeys 2019-12-19 v1.6 Define keys (HO)
) (/usr/share/texlive/texmf-dist/tex/generic/pdfescape/pdfescape.sty
Package: pdfescape 2019/12/09 v1.15 Implements pdfTeX's escape features (HO)
) (/usr/share/texlive/texmf-dist/tex/latex/hycolor/hycolor.sty
Package: hycolor 2020-01-27 v1.10 Color options for hyperref/bookmark (HO)
) (/usr/share/texlive/texmf-dist/tex/latex/letltxmacro/letltxmacro.sty
Package: letltxmacro 2019/12/03 v1.6 Let assignment for LaTeX macros (HO)
) (/usr/share/texlive/texmf-dist/tex/latex/auxhook/auxhook.sty
Package: auxhook 2019-12-17 v1.6 Hooks for auxiliary files (HO)
) (/usr/share/texlive/texmf-dist/tex/latex/kvoptions/kvoptions.sty
Package: kvoptions 2020-10-07 v3.14 Key value format for package options (HO)
)
\@linkdim=\dimen174
\Hy@linkcounter=\count310
\Hy@pagecounter=\count311
 (/usr/share/texlive/texmf-dist/tex/latex/hyperref/pd1enc.def
File: pd1enc.def 2021-06-07 v7.00m Hyperref: PDFDocEncoding definition (HO)
Now handling font encoding PD1 ...
... no UTF-8 mapping file for font encoding PD1
) (/usr/share/texlive/texmf-dist/tex/latex/hyperref/hyperref-langpatches.def
File: hyperref-langpatches.def 2021-06-07 v7.00m Hyperref: patches for babel languages
) (/usr/share/texlive/texmf-dist/tex/generic/intcalc/intcalc.sty
Package: intcalc 2019/12/15 v1.3 Expandable calculations with integers (HO)
) (/usr/share/texlive/texmf-dist/tex/generic/etexcmds/etexcmds.sty
Package: etexcmds 2019/12/15 v1.7 Avoid name clashes with e-TeX commands (HO)
)
\Hy@SavedSpaceFactor=\count312
 (/usr/share/texlive/texmf-dist/tex/latex/hyperref/puenc.def
File: puenc.def 2021-06-07 v7.00m Hyperref: PDF Unicode definition (HO)
Now handling font encoding PU ...
... no UTF-8 mapping file for font encoding PU
)
Package hyperref Info: Hyper figures OFF on input line 4192.
Package hyperref Info: Link nesting OFF on input line 4197.
Package hyperref Info: Hyper index ON on input line 4200.
Package hyperref Info: Plain pages OFF on input line 4207.
Package hyperref Info: Backreferencing OFF on input line 4212.
Package hyperref Info: Implicit mode ON; LaTeX internals redefined.
Package hyperref Info: Bookmarks ON on input line 4445.
\c@Hy@tempcnt=\count313
 (/usr/share/texlive/texmf-dist/tex/latex/url/url.sty
\Urlmuskip=\muskip17
Package: url 2013/09/16  ver 3.4  Verb mode for urls, etc.
)
LaTeX Info: Redefining \url on input line 4804.
\XeTeXLinkMargin=\dimen175
 (/usr/share/texlive/texmf-dist/tex/generic/bitset/bitset.sty
Package: bitset 2019/12/09 v1.3 Handle bit-vector datatype (HO)
 (/usr/share/texlive/texmf-dist/tex/generic/bigintcalc/bigintcalc.sty
Package: bigintcalc 2019/12/15 v1.5 Expandable calculations on big integers (HO)
))
\Fld@menulength=\count314
\Field@Width=\dimen176
\Fld@charsize=\dimen177
Package hyperref Info: Hyper figures OFF on input line 6076.
Package hyperref Info: Link nesting OFF on input line 6081.
Package hyperref Info: Hyper index ON on input line 6084.
Package hyperref Info: backreferencing OFF on input line 6091.
Package hyperref Info: Link coloring OFF on input line 6096.
Package hyperref Info: Link coloring with OCG OFF on input line 6101.
Package hyperref Info: PDF/A mode OFF on input line 6106.
LaTeX Info: Redefining \ref on input line 6146.
LaTeX Info: Redefining \pageref on input line 6150.
 (/usr/share/texlive/texmf-dist/tex/latex/base/atbegshi-ltx.sty
Package: atbegshi-ltx 2021/01/10 v1.0c Emulation of the original atbegshi
package with kernel methods
)
\Hy@abspage=\count315
\c@Item=\count316
\c@Hfootnote=\count317
)
Package hyperref Info: Driver (autodetected): hpdftex.
 (/usr/share/texlive/texmf-dist/tex/latex/hyperref/hpdftex.def
File: hpdftex.def 2021-06-07 v7.00m Hyperref driver for pdfTeX
 (/usr/share/texlive/texmf-dist/tex/latex/base/atveryend-ltx.sty
Package: atveryend-ltx 2020/08/19 v1.0a Emulation of the original atveryend package
with kernel methods
)
\Fld@listcount=\count318
\c@bookmark@seq@number=\count319
 (/usr/share/texlive/texmf-dist/tex/latex/rerunfilecheck/rerunfilecheck.sty
Package: rerunfilecheck 2019/12/05 v1.9 Rerun checks for auxiliary files (HO)
 (/usr/share/texlive/texmf-dist/tex/generic/uniquecounter/uniquecounter.sty
Package: uniquecounter 2019/12/15 v1.4 Provide unlimited unique counter (HO)
)
Package uniquecounter Info: New unique counter `rerunfilecheck' on input line 286.
)
\Hy@SectionHShift=\skip61
)
Package hyperref Info: Option `colorlinks' set `true' on input line 26.
 (/usr/share/texlive/texmf-dist/tex/latex/l3backend/l3backend-pdftex.def
File: l3backend-pdftex.def 2022-01-12 L3 backend support: PDF output (pdfTeX)
\l__color_backend_stack_int=\count320
\l__pdf_internal_box=\box54
) (./lab4.aux)
\openout1 = `lab4.aux'.

LaTeX Font Info:    Checking defaults for OML/cmm/m/it on input line 34.
LaTeX Font Info:    ... okay on input line 34.
LaTeX Font Info:    Checking defaults for OMS/cmsy/m/n on input line 34.
LaTeX Font Info:    ... okay on input line 34.
LaTeX Font Info:    Checking defaults for OT1/cmr/m/n on input line 34.
LaTeX Font Info:    ... okay on input line 34.
LaTeX Font Info:    Checking defaults for T1/cmr/m/n on input line 34.
LaTeX Font Info:    ... okay on input line 34.
LaTeX Font Info:    Checking defaults for TS1/cmr/m/n on input line 34.
LaTeX Font Info:    ... okay on input line 34.
LaTeX Font Info:    Checking defaults for OMX/cmex/m/n on input line 34.
LaTeX Font Info:    ... okay on input line 34.
LaTeX Font Info:    Checking defaults for U/cmr/m/n on input line 34.
LaTeX Font Info:    ... okay on input line 34.
LaTeX Font Info:    Checking defaults for PD1/pdf/m/n on input line 34.
LaTeX Font Info:    ... okay on input line 34.
LaTeX Font Info:    Checking defaults for PU/pdf/m/n on input line 34.
LaTeX Font Info:    ... okay on input line 34.
 (/usr/share/texlive/texmf-dist/tex/context/base/mkii/supp-pdf.mkii
[Loading MPS to PDF converter (version 2006.09.02).]
\scratchcounter=\count321
\scratchdimen=\dimen178
\scratchbox=\box55
\nofMPsegments=\count322
\nofMParguments=\count323
\everyMPshowfont=\toks28
\MPscratchCnt=\count324
\MPscratchDim=\dimen179
\MPnumerator=\count325
\makeMPintoPDFobject=\count326
\everyMPtoPDFconversion=\toks29
) (/usr/share/texlive/texmf-dist/tex/latex/epstopdf-pkg/epstopdf-base.sty
Package: epstopdf-base 2020-01-24 v2.11 Base part for package epstopdf
Package epstopdf-base Info: Redefining graphics rule for `.eps' on input line 485.
 (/usr/share/texlive/texmf-dist/tex/latex/latexconfig/epstopdf-sys.cfg
File: epstopdf-sys.cfg 2010/07/13 v1.3 Configuration of (r)epstopdf for TeX Live
))
Package caption Info: Begin \AtBeginDocument code.
Package caption Info: hyperref package is loaded.
Package caption Info: listings package is loaded.
Package caption Info: End \AtBeginDocument code.

*geometry* driver: auto-detecting
*geometry* detected driver: pdftex
*geometry* verbose mode - [ preamble ] result:
* driver: pdftex
* paper: <default>
* layout: <same size as paper>
* layoutoffset:(h,v)=(0.0pt,0.0pt)
* modes: 
* h-part:(L,W,R)=(56.9055pt, 500.484pt, 56.9055pt)
* v-part:(T,H,B)=(56.9055pt, 681.15898pt, 56.9055pt)
* \paperwidth=614.295pt
* \paperheight=794.96999pt
* \textwidth=500.484pt
* \textheight=681.15898pt
* \oddsidemargin=-15.36449pt
* \evensidemargin=-15.36449pt
* \topmargin=-52.36449pt
* \headheight=12.0pt
* \headsep=25.0pt
* \topskip=10.0pt
* \footskip=30.0pt
* \marginparwidth=65.0pt
* \marginparsep=11.0pt
* \columnsep=10.0pt
* \skip\footins=9.0pt plus 4.0pt minus 2.0pt
* \hoffset=0.0pt
* \voffset=0.0pt
* \mag=1000
* \@twocolumnfalse
* \@twosidefalse
* \@mparswitchfalse
* \@reversemarginfalse
* (1in=72.27pt=25.4mm, 1cm=28.453pt)

\c@lstlisting=\count327
Package hyperref Info: Link coloring ON on input line 34.
(/usr/share/texlive/texmf-dist/tex/latex/hyperref/nameref.sty
Package: nameref 2021-04-02 v2.47 Cross-referencing by name of section
 (/usr/share/texlive/texmf-dist/tex/latex/refcount/refcount.sty
Package: refcount 2019/12/15 v3.6 Data extraction from label references (HO)
) (/usr/share/texlive/texmf-dist/tex/generic/gettitlestring/gettitlestring.sty
Package: gettitlestring 2019/12/15 v1.6 Cleanup title references (HO)
)
\c@section@level=\count328
)
LaTeX Info: Redefining \ref on input line 34.
LaTeX Info: Redefining \pageref on input line 34.
LaTeX Info: Redefining \nameref on input line 34.
 (./lab4.out) (./lab4.out)
\@outlinefile=\write3
\openout3 = `lab4.out'.

 (./lab4.toc)
\tf@toc=\write4
\openout4 = `lab4.toc'.

 [1

{/var/lib/texmf/fonts/map/pdftex/updmap/pdftex.map}]
Package epstopdf Info: Source file: <grafiki/K-map.eps>
(epstopdf)                    date: 2024-05-08 17:01:43
(epstopdf)                    size: 102374 bytes
(epstopdf)             Output file: <grafiki/K-map-eps-converted-to.pdf>
(epstopdf)                    date: 2024-05-08 17:02:57
(epstopdf)                    size: 28176 bytes
(epstopdf)             Command: <repstopdf --outfile=grafiki/K-map-eps-converted-to.pdf grafiki/K-map.eps>
(epstopdf)             \includegraphics on input line 117.
Package epstopdf Info: Output file is already uptodate.
<grafiki/K-map-eps-converted-to.pdf, id=207, 276.03125pt x 301.125pt>
File: grafiki/K-map-eps-converted-to.pdf Graphic file (type pdf)
<use grafiki/K-map-eps-converted-to.pdf>
Package pdftex.def Info: grafiki/K-map-eps-converted-to.pdf  used on input line 117.
(pdftex.def)             Requested size: 151.81764pt x 165.61925pt.
 [2]
Package epstopdf Info: Source file: <grafiki/Bramki_logiczne.eps>
(epstopdf)                    date: 2024-05-08 15:23:16
(epstopdf)                    size: 548420 bytes
(epstopdf)             Output file: <grafiki/Bramki_logiczne-eps-converted-to.pdf>
(epstopdf)                    date: 2024-05-08 15:23:25
(epstopdf)                    size: 125853 bytes
(epstopdf)             Command: <repstopdf --outfile=grafiki/Bramki_logiczne-eps-converted-to.pdf grafiki/Bramki_logiczne.eps>
(epstopdf)             \includegraphics on input line 129.
Package epstopdf Info: Output file is already uptodate.
<grafiki/Bramki_logiczne-eps-converted-to.pdf, id=224, 796.9775pt x 598.235pt>
File: grafiki/Bramki_logiczne-eps-converted-to.pdf Graphic file (type pdf)
<use grafiki/Bramki_logiczne-eps-converted-to.pdf>
Package pdftex.def Info: grafiki/Bramki_logiczne-eps-converted-to.pdf  used on input line 129.
(pdftex.def)             Requested size: 278.94629pt x 209.38538pt.
 [3 <./grafiki/K-map-eps-converted-to.pdf> <./grafiki/Bramki_logiczne-eps-converted-to.pdf>]
Overfull \hbox (0.97464pt too wide) in paragraph at lines 138--141
[]\T1/cmr/m/n/9 Bramki \T1/cmr/bx/n/9 NAND \T1/cmr/m/n/9 (ne-ga-cja ko-niunk-cji) oraz \T1/cmr/bx/n/9 NOR \T1/cmr/m/n/9 (ne-ga-cja sumy lo-gicz-nej) na-zywa si¦ $[]$ lub $[]$
 []


Underfull \hbox (badness 10000) in paragraph at lines 138--141

 []

Package epstopdf Info: Source file: <grafiki/Operacje.eps>
(epstopdf)                    date: 2024-05-08 16:21:24
(epstopdf)                    size: 237159 bytes
(epstopdf)             Output file: <grafiki/Operacje-eps-converted-to.pdf>
(epstopdf)                    date: 2024-05-08 16:21:26
(epstopdf)                    size: 54099 bytes
(epstopdf)             Command: <repstopdf --outfile=grafiki/Operacje-eps-converted-to.pdf grafiki/Operacje.eps>
(epstopdf)             \includegraphics on input line 144.
Package epstopdf Info: Output file is already uptodate.
<grafiki/Operacje-eps-converted-to.pdf, id=244, 642.4pt x 543.02875pt>
File: grafiki/Operacje-eps-converted-to.pdf Graphic file (type pdf)
<use grafiki/Operacje-eps-converted-to.pdf>
Package pdftex.def Info: grafiki/Operacje-eps-converted-to.pdf  used on input line 144.
(pdftex.def)             Requested size: 192.72148pt x 162.90987pt.

Underfull \hbox (badness 10000) in paragraph at lines 156--159

 []


Underfull \hbox (badness 10000) in paragraph at lines 159--162

 []


Underfull \hbox (badness 10000) in paragraph at lines 168--173

 []

[4 <./grafiki/Operacje-eps-converted-to.pdf>]
Underfull \hbox (badness 10000) in paragraph at lines 174--177

 []

Package epstopdf Info: Source file: <grafiki/RS_NOR.eps>
(epstopdf)                    date: 2024-05-08 17:25:23
(epstopdf)                    size: 18498 bytes
(epstopdf)             Output file: <grafiki/RS_NOR-eps-converted-to.pdf>
(epstopdf)                    date: 2024-05-08 17:39:16
(epstopdf)                    size: 6478 bytes
(epstopdf)             Command: <repstopdf --outfile=grafiki/RS_NOR-eps-converted-to.pdf grafiki/RS_NOR.eps>
(epstopdf)             \includegraphics on input line 181.
Package epstopdf Info: Output file is already uptodate.
<grafiki/RS_NOR-eps-converted-to.pdf, id=261, 200.75pt x 125.46875pt>
File: grafiki/RS_NOR-eps-converted-to.pdf Graphic file (type pdf)
<use grafiki/RS_NOR-eps-converted-to.pdf>
Package pdftex.def Info: grafiki/RS_NOR-eps-converted-to.pdf  used on input line 181.
(pdftex.def)             Requested size: 174.65108pt x 109.1569pt.
Package epstopdf Info: Source file: <grafiki/SR_NAND.eps>
(epstopdf)                    date: 2024-05-08 17:25:48
(epstopdf)                    size: 18104 bytes
(epstopdf)             Output file: <grafiki/SR_NAND-eps-converted-to.pdf>
(epstopdf)                    date: 2024-05-08 17:39:16
(epstopdf)                    size: 6235 bytes
(epstopdf)             Command: <repstopdf --outfile=grafiki/SR_NAND-eps-converted-to.pdf grafiki/SR_NAND.eps>
(epstopdf)             \includegraphics on input line 187.
Package epstopdf Info: Output file is already uptodate.
<grafiki/SR_NAND-eps-converted-to.pdf, id=264, 200.75pt x 125.46875pt>
File: grafiki/SR_NAND-eps-converted-to.pdf Graphic file (type pdf)
<use grafiki/SR_NAND-eps-converted-to.pdf>
Package pdftex.def Info: grafiki/SR_NAND-eps-converted-to.pdf  used on input line 187.
(pdftex.def)             Requested size: 174.65108pt x 109.1569pt.

Overfull \hbox (2.22166pt too wide) in paragraph at lines 179--191
[]$[]$ $[]$ 
 []

<grafiki/sama_plytka.png, id=267, 2736.2225pt x 2112.89375pt>
File: grafiki/sama_plytka.png Graphic file (type png)
<use grafiki/sama_plytka.png>
Package pdftex.def Info: grafiki/sama_plytka.png  used on input line 222.
(pdftex.def)             Requested size: 136.81914pt x 105.65088pt.
[5 <./grafiki/RS_NOR-eps-converted-to.pdf> <./grafiki/SR_NAND-eps-converted-to.pdf> <./grafiki/sama_plytka.png>]
<grafiki/impulsatory.png, id=288, 1142.01656pt x 1142.01656pt>
File: grafiki/impulsatory.png Graphic file (type png)
<use grafiki/impulsatory.png>
Package pdftex.def Info: grafiki/impulsatory.png  used on input line 236.
(pdftex.def)             Requested size: 171.29509pt x 171.29509pt.
<grafiki/gora_Q.png, id=289, 602.25pt x 451.6875pt>
File: grafiki/gora_Q.png Graphic file (type png)
<use grafiki/gora_Q.png>
Package pdftex.def Info: grafiki/gora_Q.png  used on input line 245.
(pdftex.def)             Requested size: 210.79065pt x 158.09299pt.
<grafiki/gora_NQ.png, id=290, 602.25pt x 451.6875pt>
File: grafiki/gora_NQ.png Graphic file (type png)
<use grafiki/gora_NQ.png>
Package pdftex.def Info: grafiki/gora_NQ.png  used on input line 251.
(pdftex.def)             Requested size: 210.79065pt x 158.09299pt.

Overfull \hbox (2.22166pt too wide) in paragraph at lines 243--255
[]$[]$ $[]$ 
 []

<grafiki/dol_Q.png, id=291, 602.25pt x 451.6875pt>
File: grafiki/dol_Q.png Graphic file (type png)
<use grafiki/dol_Q.png>
Package pdftex.def Info: grafiki/dol_Q.png  used on input line 260.
(pdftex.def)             Requested size: 210.79065pt x 158.09299pt.
<grafiki/dol_NQ.png, id=292, 602.25pt x 451.6875pt>
File: grafiki/dol_NQ.png Graphic file (type png)
<use grafiki/dol_NQ.png>
Package pdftex.def Info: grafiki/dol_NQ.png  used on input line 266.
(pdftex.def)             Requested size: 210.79065pt x 158.09299pt.

Overfull \hbox (2.22166pt too wide) in paragraph at lines 258--270
[]$[]$ $[]$ 
 []

[6 <./grafiki/impulsatory.png> <./grafiki/gora_Q.png> <./grafiki/gora_NQ.png>]
<grafiki/imp_gora_test.png, id=303, 2890.8pt x 722.7pt>
File: grafiki/imp_gora_test.png Graphic file (type png)
<use grafiki/imp_gora_test.png>
Package pdftex.def Info: grafiki/imp_gora_test.png  used on input line 277.
(pdftex.def)             Requested size: 433.6013pt x 108.40031pt.
<grafiki/imp_dol_test.png, id=304, 2890.8pt x 722.7pt>
File: grafiki/imp_dol_test.png Graphic file (type png)
<use grafiki/imp_dol_test.png>
Package pdftex.def Info: grafiki/imp_dol_test.png  used on input line 286.
(pdftex.def)             Requested size: 433.6013pt x 108.40031pt.


LaTeX Warning: `h' float specifier changed to `ht'.

[7 <./grafiki/dol_Q.png> <./grafiki/dol_NQ.png> <./grafiki/imp_gora_test.png> <./grafiki/imp_dol_test.png>]
<grafiki/7400_zdj.png, id=315, 1258.7025pt x 944.02687pt>
File: grafiki/7400_zdj.png Graphic file (type png)
<use grafiki/7400_zdj.png>
Package pdftex.def Info: grafiki/7400_zdj.png  used on input line 315.
(pdftex.def)             Requested size: 151.03778pt x 113.27834pt.
Package epstopdf Info: Source file: <grafiki/TTL_NAND_7400.eps>
(epstopdf)                    date: 2024-05-09 12:46:35
(epstopdf)                    size: 47120 bytes
(epstopdf)             Output file: <grafiki/TTL_NAND_7400-eps-converted-to.pdf>
(epstopdf)                    date: 2024-05-09 12:46:38
(epstopdf)                    size: 11796 bytes
(epstopdf)             Command: <repstopdf --outfile=grafiki/TTL_NAND_7400-eps-converted-to.pdf grafiki/TTL_NAND_7400.eps>
(epstopdf)             \includegraphics on input line 321.
Package epstopdf Info: Output file is already uptodate.
<grafiki/TTL_NAND_7400-eps-converted-to.pdf, id=316, 331.2375pt x 260.975pt>
File: grafiki/TTL_NAND_7400-eps-converted-to.pdf Graphic file (type pdf)
<use grafiki/TTL_NAND_7400-eps-converted-to.pdf>
Package pdftex.def Info: grafiki/TTL_NAND_7400-eps-converted-to.pdf  used on input line 321.
(pdftex.def)             Requested size: 142.42934pt x 112.21706pt.

Overfull \hbox (2.22166pt too wide) in paragraph at lines 313--325
[]$[]$ $[]$ 
 []

<grafiki/NAND_1_2_3_test.png, id=319, 1849.91125pt x 2484.28125pt>
File: grafiki/NAND_1_2_3_test.png Graphic file (type png)
<use grafiki/NAND_1_2_3_test.png>
Package pdftex.def Info: grafiki/NAND_1_2_3_test.png  used on input line 330.
(pdftex.def)             Requested size: 166.48483pt x 223.57567pt.
[8 <./grafiki/7400_zdj.png> <./grafiki/TTL_NAND_7400-eps-converted-to.pdf> <./grafiki/NAND_1_2_3_test.png>]
Package epstopdf Info: Source file: <grafiki/TTL_NOR_7402.eps>
(epstopdf)                    date: 2024-05-09 14:39:47
(epstopdf)                    size: 51459 bytes
(epstopdf)             Output file: <grafiki/TTL_NOR_7402-eps-converted-to.pdf>
(epstopdf)                    date: 2024-05-09 14:39:51
(epstopdf)                    size: 13120 bytes
(epstopdf)             Command: <repstopdf --outfile=grafiki/TTL_NOR_7402-eps-converted-to.pdf grafiki/TTL_NOR_7402.eps>
(epstopdf)             \includegraphics on input line 342.
Package epstopdf Info: Output file is already uptodate.
<grafiki/TTL_NOR_7402-eps-converted-to.pdf, id=331, 331.2375pt x 260.975pt>
File: grafiki/TTL_NOR_7402-eps-converted-to.pdf Graphic file (type pdf)
<use grafiki/TTL_NOR_7402-eps-converted-to.pdf>
Package pdftex.def Info: grafiki/TTL_NOR_7402-eps-converted-to.pdf  used on input line 342.
(pdftex.def)             Requested size: 149.05548pt x 117.43767pt.
<grafiki/NOR_1_2_3_test.png, id=332, 1951.29pt x 2907.86375pt>
File: grafiki/NOR_1_2_3_test.png Graphic file (type png)
<use grafiki/NOR_1_2_3_test.png>
Package pdftex.def Info: grafiki/NOR_1_2_3_test.png  used on input line 351.
(pdftex.def)             Requested size: 175.60852pt x 261.69644pt.
Package epstopdf Info: Source file: <grafiki/TTL_EXOR_7486.eps>
(epstopdf)                    date: 2024-05-09 14:34:45
(epstopdf)                    size: 56247 bytes
(epstopdf)             Output file: <grafiki/TTL_EXOR_7486-eps-converted-to.pdf>
(epstopdf)                    date: 2024-05-09 14:34:50
(epstopdf)                    size: 14119 bytes
(epstopdf)             Command: <repstopdf --outfile=grafiki/TTL_EXOR_7486-eps-converted-to.pdf grafiki/TTL_EXOR_7486.eps>
(epstopdf)             \includegraphics on input line 362.
Package epstopdf Info: Output file is already uptodate.
<grafiki/TTL_EXOR_7486-eps-converted-to.pdf, id=333, 331.2375pt x 260.975pt>
File: grafiki/TTL_EXOR_7486-eps-converted-to.pdf Graphic file (type pdf)
<use grafiki/TTL_EXOR_7486-eps-converted-to.pdf>
Package pdftex.def Info: grafiki/TTL_EXOR_7486-eps-converted-to.pdf  used on input line 362.
(pdftex.def)             Requested size: 149.05548pt x 117.43767pt.
 [9 <./grafiki/TTL_NOR_7402-eps-converted-to.pdf> <./grafiki/NOR_1_2_3_test.png>]
<grafiki/EXOR_1_2_3_test.png, id=343, 1813.77625pt x 2998.20125pt>
File: grafiki/EXOR_1_2_3_test.png Graphic file (type png)
<use grafiki/EXOR_1_2_3_test.png>
Package pdftex.def Info: grafiki/EXOR_1_2_3_test.png  used on input line 371.
(pdftex.def)             Requested size: 163.23282pt x 269.82648pt.
<grafiki/Negacja_NAND.png, id=345, 1850.915pt x 2791.42876pt>
File: grafiki/Negacja_NAND.png Graphic file (type png)
<use grafiki/Negacja_NAND.png>
Package pdftex.def Info: grafiki/Negacja_NAND.png  used on input line 385.
(pdftex.def)             Requested size: 166.57516pt x 251.21774pt.

Overfull \hbox (1.41454pt too wide) in paragraph at lines 385--387
 [][] 
 []

<grafiki/Iloczyn_NAND.png, id=346, 2015.53pt x 3061.4375pt>
File: grafiki/Iloczyn_NAND.png Graphic file (type png)
<use grafiki/Iloczyn_NAND.png>
Package pdftex.def Info: grafiki/Iloczyn_NAND.png  used on input line 391.
(pdftex.def)             Requested size: 161.2457pt x 244.92pt.
<grafiki/Suma_NAND.png, id=347, 1855.93375pt x 2689.04625pt>
File: grafiki/Suma_NAND.png Graphic file (type png)
<use grafiki/Suma_NAND.png>
Package pdftex.def Info: grafiki/Suma_NAND.png  used on input line 397.
(pdftex.def)             Requested size: 167.02682pt x 242.00372pt.

Overfull \hbox (1.8662pt too wide) in paragraph at lines 397--399
 [][] 
 []

[10 <./grafiki/TTL_EXOR_7486-eps-converted-to.pdf> <./grafiki/EXOR_1_2_3_test.png>] [11 <./grafiki/Negacja_NAND.png> <./grafiki/Iloczyn_NAND.png> <./grafiki/Suma_NAND.png>]
<grafiki/Negacja_NOR.png, id=363, 2170.1075pt x 2838.605pt>
File: grafiki/Negacja_NOR.png Graphic file (type png)
<use grafiki/Negacja_NOR.png>
Package pdftex.def Info: grafiki/Negacja_NOR.png  used on input line 419.
(pdftex.def)             Requested size: 151.92303pt x 198.72266pt.
<grafiki/Iloczyn_NOR.png, id=364, 2333.71875pt x 2839.60875pt>
File: grafiki/Iloczyn_NOR.png Graphic file (type png)
<use grafiki/Iloczyn_NOR.png>
Package pdftex.def Info: grafiki/Iloczyn_NOR.png  used on input line 425.
(pdftex.def)             Requested size: 163.377pt x 198.79292pt.
<grafiki/Suma_NOR.png, id=365, 2215.27625pt x 2940.9875pt>
File: grafiki/Suma_NOR.png Graphic file (type png)
<use grafiki/Suma_NOR.png>
Package pdftex.def Info: grafiki/Suma_NOR.png  used on input line 431.
(pdftex.def)             Requested size: 155.08517pt x 205.89015pt.
Package epstopdf Info: Source file: <grafiki/3_NAND.eps>
(epstopdf)                    date: 2024-05-09 21:03:08
(epstopdf)                    size: 33960 bytes
(epstopdf)             Output file: <grafiki/3_NAND-eps-converted-to.pdf>
(epstopdf)                    date: 2024-05-09 21:03:15
(epstopdf)                    size: 10260 bytes
(epstopdf)             Command: <repstopdf --outfile=grafiki/3_NAND-eps-converted-to.pdf grafiki/3_NAND.eps>
(epstopdf)             \includegraphics on input line 452.
Package epstopdf Info: Output file is already uptodate.
<grafiki/3_NAND-eps-converted-to.pdf, id=366, 489.83pt x 110.4125pt>
File: grafiki/3_NAND-eps-converted-to.pdf Graphic file (type pdf)
<use grafiki/3_NAND-eps-converted-to.pdf>
Package pdftex.def Info: grafiki/3_NAND-eps-converted-to.pdf  used on input line 452.
(pdftex.def)             Requested size: 269.40732pt x 60.72705pt.
 [12 <./grafiki/Negacja_NOR.png> <./grafiki/Iloczyn_NOR.png> <./grafiki/Suma_NOR.png> <./grafiki/3_NAND-eps-converted-to.pdf>]
<grafiki/3_NAND_zdj.png, id=374, 3035.34pt x 2276.505pt>
File: grafiki/3_NAND_zdj.png Graphic file (type png)
<use grafiki/3_NAND_zdj.png>
Package pdftex.def Info: grafiki/3_NAND_zdj.png  used on input line 465.
(pdftex.def)             Requested size: 212.49551pt x 159.37163pt.
<grafiki/7400_pomiar.png, id=375, 602.25pt x 451.6875pt>
File: grafiki/7400_pomiar.png Graphic file (type png)
<use grafiki/7400_pomiar.png>
Package pdftex.def Info: grafiki/7400_pomiar.png  used on input line 471.
(pdftex.def)             Requested size: 210.79065pt x 158.09299pt.

Overfull \hbox (2.22166pt too wide) in paragraph at lines 463--475
[]$[]$ $[]$ 
 []

<grafiki/3_NAND_zdj_2.png, id=376, 1851.91875pt x 1851.91875pt>
File: grafiki/3_NAND_zdj_2.png Graphic file (type png)
<use grafiki/3_NAND_zdj_2.png>
Package pdftex.def Info: grafiki/3_NAND_zdj_2.png  used on input line 483.
(pdftex.def)             Requested size: 129.64755pt x 129.64755pt.
<grafiki/74S00_pomiar.png, id=377, 602.25pt x 451.6875pt>
File: grafiki/74S00_pomiar.png Graphic file (type png)
<use grafiki/74S00_pomiar.png>
Package pdftex.def Info: grafiki/74S00_pomiar.png  used on input line 489.
(pdftex.def)             Requested size: 210.79065pt x 158.09299pt.

Overfull \hbox (2.22166pt too wide) in paragraph at lines 481--493
[]$[]$ $[]$ 
 []

<grafiki/wyswietlacz.jpg, id=378, 175.65625pt x 247.92625pt>
File: grafiki/wyswietlacz.jpg Graphic file (type jpg)
<use grafiki/wyswietlacz.jpg>
Package pdftex.def Info: grafiki/wyswietlacz.jpg  used on input line 501.
(pdftex.def)             Requested size: 96.61122pt x 136.35985pt.
Package epstopdf Info: Source file: <grafiki/wyswietlacz_segmenty_tabela.eps>
(epstopdf)                    date: 2024-05-10 06:45:18
(epstopdf)                    size: 162425 bytes
(epstopdf)             Output file: <grafiki/wyswietlacz_segmenty_tabela-eps-converted-to.pdf>
(epstopdf)                    date: 2024-05-10 06:55:58
(epstopdf)                    size: 28348 bytes
(epstopdf)             Command: <repstopdf --outfile=grafiki/wyswietlacz_segmenty_tabela-eps-converted-to.pdf grafiki/wyswietlacz_segmenty_tabela.eps>
(epstopdf)             \includegraphics on input line 507.
Package epstopdf Info: Output file is already uptodate.
<grafiki/wyswietlacz_segmenty_tabela-eps-converted-to.pdf, id=381, 307.1475pt x 252.945pt>
File: grafiki/wyswietlacz_segmenty_tabela-eps-converted-to.pdf Graphic file (type pdf)
<use grafiki/wyswietlacz_segmenty_tabela-eps-converted-to.pdf>
Package pdftex.def Info: grafiki/wyswietlacz_segmenty_tabela-eps-converted-to.pdf  used on input line 507.
(pdftex.def)             Requested size: 199.6435pt x 164.4123pt.

Overfull \hbox (2.22166pt too wide) in paragraph at lines 499--511
[]$[]$ $[]$ 
 []

[13 <./grafiki/3_NAND_zdj.png> <./grafiki/7400_pomiar.png> <./grafiki/3_NAND_zdj_2.png> <./grafiki/74S00_pomiar.png>]
Package epstopdf Info: Source file: <grafiki/K_map_segment_a.eps>
(epstopdf)                    date: 2024-05-10 08:17:43
(epstopdf)                    size: 63284 bytes
(epstopdf)             Output file: <grafiki/K_map_segment_a-eps-converted-to.pdf>
(epstopdf)                    date: 2024-05-10 08:21:31
(epstopdf)                    size: 17800 bytes
(epstopdf)             Command: <repstopdf --outfile=grafiki/K_map_segment_a-eps-converted-to.pdf grafiki/K_map_segment_a.eps>
(epstopdf)             \includegraphics on input line 548.
Package epstopdf Info: Output file is already uptodate.
<grafiki/K_map_segment_a-eps-converted-to.pdf, id=394, 276.03125pt x 271.0125pt>
File: grafiki/K_map_segment_a-eps-converted-to.pdf Graphic file (type pdf)
<use grafiki/K_map_segment_a-eps-converted-to.pdf>
Package pdftex.def Info: grafiki/K_map_segment_a-eps-converted-to.pdf  used on input line 548.
(pdftex.def)             Requested size: 179.41817pt x 176.15602pt.

Overfull \hbox (2.22166pt too wide) in paragraph at lines 516--552
[]$[]$ $[]$ 
 []


Underfull \hbox (badness 10000) in paragraph at lines 554--555

 []

Package epstopdf Info: Source file: <grafiki/schemat_segment_a.eps>
(epstopdf)                    date: 2024-05-13 17:38:20
(epstopdf)                    size: 33730 bytes
(epstopdf)             Output file: <grafiki/schemat_segment_a-eps-converted-to.pdf>
(epstopdf)                    date: 2024-05-13 17:41:17
(epstopdf)                    size: 12301 bytes
(epstopdf)             Command: <repstopdf --outfile=grafiki/schemat_segment_a-eps-converted-to.pdf grafiki/schemat_segment_a.eps>
(epstopdf)             \includegraphics on input line 563.
Package epstopdf Info: Output file is already uptodate.
<grafiki/schemat_segment_a-eps-converted-to.pdf, id=395, 405.515pt x 208.78pt>
File: grafiki/schemat_segment_a-eps-converted-to.pdf Graphic file (type pdf)
<use grafiki/schemat_segment_a-eps-converted-to.pdf>
Package pdftex.def Info: grafiki/schemat_segment_a-eps-converted-to.pdf  used on input line 563.
(pdftex.def)             Requested size: 263.58162pt x 135.70537pt.
[14 <./grafiki/wyswietlacz.jpg> <./grafiki/wyswietlacz_segmenty_tabela-eps-converted-to.pdf> <./grafiki/K_map_segment_a-eps-converted-to.pdf>]
<grafiki/RS_przerzutnik_zdj.png, id=412, 3035.34pt x 2276.505pt>
File: grafiki/RS_przerzutnik_zdj.png Graphic file (type png)
<use grafiki/RS_przerzutnik_zdj.png>
Package pdftex.def Info: grafiki/RS_przerzutnik_zdj.png  used on input line 575.
(pdftex.def)             Requested size: 212.49551pt x 159.37163pt.
Package epstopdf Info: Source file: <grafiki/SR_NAND_schemat_wej_wyj.eps>
(epstopdf)                    date: 2024-05-09 22:52:49
(epstopdf)                    size: 30565 bytes
(epstopdf)             Output file: <grafiki/SR_NAND_schemat_wej_wyj-eps-converted-to.pdf>
(epstopdf)                    date: 2024-05-09 23:02:35
(epstopdf)                    size: 10071 bytes
(epstopdf)             Command: <repstopdf --outfile=grafiki/SR_NAND_schemat_wej_wyj-eps-converted-to.pdf grafiki/SR_NAND_schemat_wej_wyj.eps>
(epstopdf)             \includegraphics on input line 581.
Package epstopdf Info: Output file is already uptodate.
<grafiki/SR_NAND_schemat_wej_wyj-eps-converted-to.pdf, id=413, 200.75pt x 125.46875pt>
File: grafiki/SR_NAND_schemat_wej_wyj-eps-converted-to.pdf Graphic file (type pdf)
<use grafiki/SR_NAND_schemat_wej_wyj-eps-converted-to.pdf>
Package pdftex.def Info: grafiki/SR_NAND_schemat_wej_wyj-eps-converted-to.pdf  used on input line 581.
(pdftex.def)             Requested size: 130.48595pt x 81.55371pt.

Overfull \hbox (2.22166pt too wide) in paragraph at lines 573--585
[]$[]$ $[]$ 
 []

[15 <./grafiki/schemat_segment_a-eps-converted-to.pdf> <./grafiki/RS_przerzutnik_zdj.png> <./grafiki/SR_NAND_schemat_wej_wyj-eps-converted-to.pdf>]
<grafiki/notatki1.jpg, id=430, 2383.90625pt x 3571.3425pt>
File: grafiki/notatki1.jpg Graphic file (type jpg)
<use grafiki/notatki1.jpg>
Package pdftex.def Info: grafiki/notatki1.jpg  used on input line 634.
(pdftex.def)             Requested size: 166.89049pt x 250.01952pt.
<grafiki/notatki2.jpg, id=431, 1946.27126pt x 2228.325pt>
File: grafiki/notatki2.jpg Graphic file (type jpg)
<use grafiki/notatki2.jpg>
Package pdftex.def Info: grafiki/notatki2.jpg  used on input line 640.
(pdftex.def)             Requested size: 155.70488pt x 178.26964pt.

Overfull \hbox (2.22166pt too wide) in paragraph at lines 632--644
[]$[]$ $[]$ 
 []

<grafiki/notatki3.jpg, id=432, 2597.705pt x 1995.455pt>
File: grafiki/notatki3.jpg Graphic file (type jpg)
<use grafiki/notatki3.jpg>
Package pdftex.def Info: grafiki/notatki3.jpg  used on input line 649.
(pdftex.def)             Requested size: 155.85558pt x 119.72212pt.
<grafiki/notatki4.jpg, id=433, 2071.74pt x 1469.49pt>
File: grafiki/notatki4.jpg Graphic file (type jpg)
<use grafiki/notatki4.jpg>
Package pdftex.def Info: grafiki/notatki4.jpg  used on input line 655.
(pdftex.def)             Requested size: 165.74258pt x 117.5616pt.

Overfull \hbox (2.22166pt too wide) in paragraph at lines 647--659
[]$[]$ $[]$ 
 []

<grafiki/notatki5.jpg, id=434, 2156.055pt x 2263.45625pt>
File: grafiki/notatki5.jpg Graphic file (type jpg)
<use grafiki/notatki5.jpg>
Package pdftex.def Info: grafiki/notatki5.jpg  used on input line 665.
(pdftex.def)             Requested size: 150.93927pt x 158.45813pt.
<grafiki/bledny_uklad_zad_5.png, id=435, 4047.12pt x 3035.34pt>
File: grafiki/bledny_uklad_zad_5.png Graphic file (type png)
<use grafiki/bledny_uklad_zad_5.png>
Package pdftex.def Info: grafiki/bledny_uklad_zad_5.png  used on input line 671.
(pdftex.def)             Requested size: 242.81673pt x 182.11253pt.

Overfull \hbox (2.22166pt too wide) in paragraph at lines 663--675
[]$[]$ $[]$ 
 []

[16] [17 <./grafiki/notatki1.jpg> <./grafiki/notatki2.jpg> <./grafiki/notatki3.jpg> <./grafiki/notatki4.jpg>] [18 <./grafiki/notatki5.jpg> <./grafiki/bledny_uklad_zad_5.png>] (./lab4.aux)
Package rerunfilecheck Info: File `lab4.out' has not changed.
(rerunfilecheck)             Checksum: 39304B612F7DAB51BABBBC4C55C0170F;5796.
 ) 
Here is how much of TeX's memory you used:
 15323 strings out of 478287
 246330 string characters out of 5849288
 575946 words of memory out of 5000000
 33178 multiletter control sequences out of 15000+600000
 486311 words of font info for 66 fonts, out of 8000000 for 9000
 1141 hyphenation exceptions out of 8191
 67i,12n,77p,674b,473s stack positions out of 5000i,500n,10000p,200000b,80000s
{/usr/share/texmf/fonts/enc/dvips/cm-super/cm-super-t1.enc}{/usr/share/texmf/fonts/enc/dvips/cm-super/cm-super-ts1.enc}</usr/share/texlive/texmf-dist/fonts/type1/public/amsfonts/cm/cmbx6.pfb></usr/share/texlive/texmf-dist/fonts/type1/public/amsfonts/cm/cmbx8.pfb></usr/share/texlive/texmf-dist/fonts/type1/public/amsfonts/cm/cmbx9.pfb></usr/share/texlive/texmf-dist/fonts/type1/public/amsfonts/cm/cmmi10.pfb></usr/share/texlive/texmf-dist/fonts/type1/public/amsfonts/cm/cmmi6.pfb></usr/share/texlive/texmf-dist/fonts/type1/public/amsfonts/cm/cmmi8.pfb></usr/share/texlive/texmf-dist/fonts/type1/public/amsfonts/cm/cmmi9.pfb></usr/share/texlive/texmf-dist/fonts/type1/public/amsfonts/cm/cmr8.pfb></usr/share/texlive/texmf-dist/fonts/type1/public/amsfonts/cm/cmr9.pfb></usr/share/texlive/texmf-dist/fonts/type1/public/amsfonts/cm/cmsy8.pfb></usr/share/texlive/texmf-dist/fonts/type1/public/amsfonts/cm/cmsy9.pfb></usr/share/texmf/fonts/type1/public/cm-super/sfbi0900.pfb></usr/share/texmf/fonts/type1/public/cm-super/sfbx0800.pfb></usr/share/texmf/fonts/type1/public/cm-super/sfbx0900.pfb></usr/share/texmf/fonts/type1/public/cm-super/sfbx1000.pfb></usr/share/texmf/fonts/type1/public/cm-super/sfbx1200.pfb></usr/share/texmf/fonts/type1/public/cm-super/sfbx1440.pfb></usr/share/texmf/fonts/type1/public/cm-super/sfrm0800.pfb></usr/share/texmf/fonts/type1/public/cm-super/sfrm0900.pfb></usr/share/texmf/fonts/type1/public/cm-super/sfrm1000.pfb></usr/share/texmf/fonts/type1/public/cm-super/sfrm1200.pfb></usr/share/texmf/fonts/type1/public/cm-super/sfrm1728.pfb></usr/share/texmf/fonts/type1/public/cm-super/sfti0900.pfb>
Output written on lab4.pdf (18 pages, 188282291 bytes).
PDF statistics:
 577 PDF objects out of 1000 (max. 8388607)
 411 compressed objects within 5 object streams
 91 named destinations out of 1000 (max. 500000)
 520 words of extra memory for PDF output out of 10000 (max. 10000000)

