\BOOKMARK [1][-]{section.1}{\376\377\000W\000s\000t\001\031\000p\000\040\000t\000e\000o\000r\000e\000t\000y\000c\000z\000n\000y}{}% 1
\BOOKMARK [2][-]{subsection.1.1}{\376\377\000A\000l\000g\000e\000b\000r\000a\000\040\000B\000o\000o\000l\000e\000'\000a}{section.1}% 2
\BOOKMARK [2][-]{subsection.1.2}{\376\377\000U\000k\001\102\000a\000d\000y\000\040\000c\000y\000f\000r\000o\000w\000e}{section.1}% 3
\BOOKMARK [3][-]{subsubsection.1.2.1}{\376\377\000U\000k\001\102\000a\000d\000y\000\040\000k\000o\000m\000b\000i\000n\000a\000c\000y\000j\000n\000e}{subsection.1.2}% 4
\BOOKMARK [3][-]{subsubsection.1.2.2}{\376\377\000U\000k\001\102\000a\000d\000y\000\040\000s\000e\000k\000w\000e\000n\000c\000y\000j\000n\000e}{subsection.1.2}% 5
\BOOKMARK [4][-]{paragraph.1.2.2.1}{\376\377\000A\000s\000y\000n\000c\000h\000r\000o\000n\000i\000c\000z\000n\000e}{subsubsection.1.2.2}% 6
\BOOKMARK [4][-]{paragraph.1.2.2.2}{\376\377\000S\000y\000n\000c\000h\000r\000o\000n\000i\000c\000z\000n\000e}{subsubsection.1.2.2}% 7
\BOOKMARK [2][-]{subsection.1.3}{\376\377\000M\000a\000p\000y\000\040\000K\000a\000r\000n\000a\000u\000g\000h\000a}{section.1}% 8
\BOOKMARK [2][-]{subsection.1.4}{\376\377\000B\000r\000a\000m\000k\000i\000\040\000l\000o\000g\000i\000c\000z\000n\000e}{section.1}% 9
\BOOKMARK [3][-]{subsubsection.1.4.1}{\376\377\000P\000o\000d\000s\000t\000a\000w\000o\000w\000e\000\040\000o\000p\000e\000r\000a\000c\000j\000e\000\040\000z\000b\000u\000d\000o\000w\000a\000n\000e\000\040\000z\000\040\000b\000r\000a\000m\000e\000k}{subsection.1.4}% 10
\BOOKMARK [3][-]{subsubsection.1.4.2}{\376\377\000U\000k\001\102\000a\000d\000y\000\040\000T\000T\000L}{subsection.1.4}% 11
\BOOKMARK [4][-]{paragraph.1.4.2.1}{\376\377\000C\000h\000a\000r\000a\000k\000t\000e\000r\000y\000s\000t\000y\000k\000a\000\040\000u\000k\001\102\000a\000d\000\363\000w\000\040\000T\000T\000L}{subsubsection.1.4.2}% 12
\BOOKMARK [2][-]{subsection.1.5}{\376\377\000A\000s\000y\000n\000c\000h\000r\000o\000n\000i\000c\000z\000n\000y\000\040\000p\000r\000z\000e\000r\000z\000u\000t\000n\000i\000k\000\040\000R\000S}{section.1}% 13
\BOOKMARK [1][-]{section.2}{\376\377\001\006\000w\000i\000c\000z\000e\000n\000i\000a}{}% 14
\BOOKMARK [2][-]{subsection.2.1}{\376\377\001\006\000w\000i\000c\000z\000e\000n\000i\000e\000\040\0004\000.\0001}{section.2}% 15
\BOOKMARK [3][-]{subsubsection.2.1.1}{\376\377\000S\000p\000r\000a\000w\000d\000z\000e\000n\000i\000e\000\040\000p\000o\000p\000r\000a\000w\000n\000o\001\133\000c\000i\000\040\000d\000z\000i\000a\001\102\000a\000n\000i\000a\000\040\000i\000m\000p\000u\000l\000s\000a\000t\000o\000r\000\363\000w}{subsection.2.1}% 16
\BOOKMARK [3][-]{subsubsection.2.1.2}{\376\377\000S\000p\000r\000a\000w\000d\000z\000e\000n\000i\000e\000\040\000p\000o\000p\000r\000a\000w\000n\000o\001\133\000c\000i\000\040\000d\000z\000i\000a\001\102\000a\000n\000i\000a\000\040\000d\000i\000o\000d\000\040\000p\000r\000\363\000b\000n\000i\000k\000a}{subsection.2.1}% 17
\BOOKMARK [2][-]{subsection.2.2}{\376\377\001\006\000w\000i\000c\000z\000e\000n\000i\000e\000\040\0004\000.\0002}{section.2}% 18
\BOOKMARK [3][-]{subsubsection.2.2.1}{\376\377\000N\000A\000N\000D\000\050\0007\0004\0000\0000\000\051}{subsection.2.2}% 19
\BOOKMARK [3][-]{subsubsection.2.2.2}{\376\377\000N\000O\000R\000\050\0007\0004\0000\0002\000\051}{subsection.2.2}% 20
\BOOKMARK [3][-]{subsubsection.2.2.3}{\376\377\000E\000X\000O\000R\000\050\0007\0004\0008\0006\000\051}{subsection.2.2}% 21
\BOOKMARK [2][-]{subsection.2.3}{\376\377\001\006\000w\000i\000c\000z\000e\000n\000i\000e\000\040\0004\000.\0003}{section.2}% 22
\BOOKMARK [3][-]{subsubsection.2.3.1}{\376\377\000R\000e\000a\000l\000i\000z\000a\000c\000j\000a\000\040\000p\000r\000z\000y\000\040\000u\001\174\000y\000c\000i\000u\000\040\000b\000r\000a\000m\000e\000k\000\040\000N\000A\000N\000D}{subsection.2.3}% 23
\BOOKMARK [3][-]{subsubsection.2.3.2}{\376\377\000R\000e\000a\000l\000i\000z\000a\000c\000j\000a\000\040\000p\000r\000z\000y\000\040\000u\001\174\000y\000c\000i\000u\000\040\000b\000r\000a\000m\000e\000k\000\040\000N\000O\000R}{subsection.2.3}% 24
\BOOKMARK [2][-]{subsection.2.4}{\376\377\001\006\000w\000i\000c\000z\000e\000n\000i\000e\000\040\0004\000.\0004}{section.2}% 25
\BOOKMARK [3][-]{subsubsection.2.4.1}{\376\377\0007\0004\0000\0000}{subsection.2.4}% 26
\BOOKMARK [3][-]{subsubsection.2.4.2}{\376\377\0007\0004\000S\0000\0000}{subsection.2.4}% 27
\BOOKMARK [2][-]{subsection.2.5}{\376\377\001\006\000w\000i\000c\000z\000e\000n\000i\000e\000\040\0004\000.\0005}{section.2}% 28
\BOOKMARK [2][-]{subsection.2.6}{\376\377\001\006\000w\000i\000c\000z\000e\000n\000i\000e\000\040\0004\000.\0006}{section.2}% 29
\BOOKMARK [1][-]{section.3}{\376\377\000O\000m\000\363\000w\000i\000e\000n\000i\000e\000\040\000w\000y\000n\000i\000k\000\363\000w}{}% 30
\BOOKMARK [2][-]{subsection.3.1}{\376\377\001\006\000w\000i\000c\000z\000e\000n\000i\000e\000\040\0004\000.\0001}{section.3}% 31
\BOOKMARK [2][-]{subsection.3.2}{\376\377\001\006\000w\000i\000c\000z\000e\000n\000i\000e\000\040\0004\000.\0002}{section.3}% 32
\BOOKMARK [2][-]{subsection.3.3}{\376\377\001\006\000w\000i\000c\000z\000e\000n\000i\000e\000\040\0004\000.\0003}{section.3}% 33
\BOOKMARK [2][-]{subsection.3.4}{\376\377\001\006\000w\000i\000c\000z\000e\000n\000i\000e\000\040\0004\000.\0004}{section.3}% 34
\BOOKMARK [2][-]{subsection.3.5}{\376\377\001\006\000w\000i\000c\000z\000e\000n\000i\000e\000\040\0004\000.\0005}{section.3}% 35
\BOOKMARK [2][-]{subsection.3.6}{\376\377\001\006\000w\000i\000c\000z\000e\000n\000i\000e\000\040\0004\000.\0006}{section.3}% 36
\BOOKMARK [1][-]{section.4}{\376\377\000P\000o\000d\000s\000u\000m\000o\000w\000a\000n\000i\000e}{}% 37
\BOOKMARK [1][-]{section.5}{\376\377\000N\000o\000t\000a\000t\000k\000i\000\040\000z\000\040\000z\000a\000j\001\031\001\007}{}% 38
