\BOOKMARK [1][-]{section.1}{\376\377\000W\000s\000t\001\031\000p\000\040\000t\000e\000o\000r\000e\000t\000y\000c\000z\000n\000y}{}% 1
\BOOKMARK [2][-]{subsection.1.1}{\376\377\000P\000r\000z\000e\000r\000z\000u\000t\000n\000i\000k\000\040\000J\000K}{section.1}% 2
\BOOKMARK [2][-]{subsection.1.2}{\376\377\000P\000r\000z\000e\000r\000z\000u\000t\000n\000i\000k\000\040\000D}{section.1}% 3
\BOOKMARK [3][-]{subsubsection.1.2.1}{\376\377\000W\000y\000z\000w\000a\000l\000a\000n\000y\000\040\000z\000b\000o\000c\000z\000e\000m}{subsection.1.2}% 4
\BOOKMARK [3][-]{subsubsection.1.2.2}{\376\377\000T\000y\000p\000u\000\040\040\034\000z\000a\000t\000r\000z\000a\000s\000k\040\035}{subsection.1.2}% 5
\BOOKMARK [2][-]{subsection.1.3}{\376\377\000P\000r\000z\000e\000r\000z\000u\000t\000n\000i\000k\000\040\000S\000y\000n\000c\000h\000r\000o\000n\000i\000c\000z\000n\000y\000\040\000R\000S\000\040\040\023\000\040\000l\000a\000t\000c\000h}{section.1}% 6
\BOOKMARK [2][-]{subsection.1.4}{\376\377\000L\000i\000c\000z\000n\000i\000k\000i\000\040\000z\000b\000u\000d\000o\000w\000a\000n\000e\000\040\000p\000r\000z\000y\000\040\000u\001\174\000y\000c\000i\000u\000\040\000p\000r\000z\000e\000r\000z\000u\000t\000n\000i\000k\000a\000\040\000J\000K}{section.1}% 7
\BOOKMARK [3][-]{subsubsection.1.4.1}{\376\377\000j\000e\000d\000n\000o\000b\000i\000t\000o\000w\000y\000\040\000M\000o\000d\000u\000l\000o\000\040\0002}{subsection.1.4}% 8
\BOOKMARK [3][-]{subsubsection.1.4.2}{\376\377\000c\000z\000t\000e\000r\000o\000b\000i\000t\000o\000w\000y\000\040\000M\000o\000d\000u\000l\000o\000\040\0001\0006}{subsection.1.4}% 9
\BOOKMARK [3][-]{subsubsection.1.4.3}{\376\377\000c\000z\000t\000e\000r\000o\000b\000i\000t\000o\000w\000y\000\040\000M\000o\000d\000u\000l\000o\000\040\0001\0000}{subsection.1.4}% 10
\BOOKMARK [1][-]{section.2}{\376\377\001\006\000w\000i\000c\000z\000e\000n\000i\000a}{}% 11
\BOOKMARK [2][-]{subsection.2.1}{\376\377\001\006\000w\000i\000c\000z\000e\000n\000i\000e\000\040\0005\000.\0001}{section.2}% 12
\BOOKMARK [3][-]{subsubsection.2.1.1}{\376\377\000W\001\102\000a\000s\000n\000o\001\133\000c\000i\000\040\000w\000e\000j\001\133\001\007\000\040\000c\000,\000\040\000d}{subsection.2.1}% 13
\BOOKMARK [3][-]{subsubsection.2.1.2}{\376\377\000P\000r\000z\000e\000b\000i\000e\000g\000\040\000w\000\040\000c\000z\000a\000s\000o\000w\000y}{subsection.2.1}% 14
\BOOKMARK [2][-]{subsection.2.2}{\376\377\001\006\000w\000i\000c\000z\000e\000n\000i\000e\000\040\0005\000.\0002}{section.2}% 15
\BOOKMARK [2][-]{subsection.2.3}{\376\377\001\006\000w\000i\000c\000z\000e\000n\000i\000e\000\040\0005\000.\0003}{section.2}% 16
\BOOKMARK [2][-]{subsection.2.4}{\376\377\001\006\000w\000i\000c\000z\000e\000n\000i\000e\000\040\0005\000.\0004}{section.2}% 17
\BOOKMARK [2][-]{subsection.2.5}{\376\377\001\006\000w\000i\000c\000z\000e\000n\000i\000e\000\040\0005\000.\0005}{section.2}% 18
\BOOKMARK [2][-]{subsection.2.6}{\376\377\001\006\000w\000i\000c\000z\000e\000n\000i\000e\000\040\0005\000.\0006}{section.2}% 19
\BOOKMARK [1][-]{section.3}{\376\377\000O\000m\000\363\000w\000i\000e\000n\000i\000e\000\040\000w\000y\000n\000i\000k\000\363\000w}{}% 20
\BOOKMARK [2][-]{subsection.3.1}{\376\377\001\006\000w\000i\000c\000z\000e\000n\000i\000e\000\040\0005\000.\0001}{section.3}% 21
\BOOKMARK [2][-]{subsection.3.2}{\376\377\001\006\000w\000i\000c\000z\000e\000n\000i\000e\000\040\0005\000.\0002}{section.3}% 22
\BOOKMARK [2][-]{subsection.3.3}{\376\377\001\006\000w\000i\000c\000z\000e\000n\000i\000e\000\040\0005\000.\0003}{section.3}% 23
\BOOKMARK [2][-]{subsection.3.4}{\376\377\001\006\000w\000i\000c\000z\000e\000n\000i\000e\000\040\0005\000.\0004}{section.3}% 24
\BOOKMARK [2][-]{subsection.3.5}{\376\377\001\006\000w\000i\000c\000z\000e\000n\000i\000e\000\040\0005\000.\0005}{section.3}% 25
\BOOKMARK [2][-]{subsection.3.6}{\376\377\001\006\000w\000i\000c\000z\000e\000n\000i\000e\000\040\0005\000.\0006}{section.3}% 26
\BOOKMARK [1][-]{section.4}{\376\377\000P\000o\000d\000s\000u\000m\000o\000w\000a\000n\000i\000e}{}% 27
\BOOKMARK [1][-]{section.5}{\376\377\000N\000o\000t\000a\000t\000k\000i\000\040\000z\000\040\000z\000a\000j\001\031\001\007}{}% 28
