\BOOKMARK [1][-]{section.1}{\376\377\000W\000s\000t\001\031\000p\000\040\000t\000e\000o\000r\000e\000t\000y\000c\000z\000n\000y}{}% 1
\BOOKMARK [2][-]{subsection.1.1}{\376\377\000E\000l\000e\000m\000e\000n\000t\000y\000\040\000w\000y\000k\000o\000r\000z\000y\000s\000t\000a\000n\000e\000\040\000w\000\040\000u\000k\001\102\000a\000d\000a\000c\000h}{section.1}% 2
\BOOKMARK [3][-]{subsubsection.1.1.1}{\376\377\000O\000p\000o\000r\000n\000i\000k}{subsection.1.1}% 3
\BOOKMARK [3][-]{subsubsection.1.1.2}{\376\377\000K\000o\000n\000d\000e\000n\000s\000a\000t\000o\000r}{subsection.1.1}% 4
\BOOKMARK [3][-]{subsubsection.1.1.3}{\376\377\000C\000e\000w\000k\000a}{subsection.1.1}% 5
\BOOKMARK [2][-]{subsection.1.2}{\376\377\000C\000z\000w\000\363\000r\000n\000i\000k}{section.1}% 6
\BOOKMARK [2][-]{subsection.1.3}{\376\377\000R\000o\000d\000z\000a\000j\000e\000\040\000c\000z\000w\000\363\000r\000n\000i\000k\000\363\000w}{section.1}% 7
\BOOKMARK [3][-]{subsubsection.1.3.1}{\376\377\000W\000z\000m\000a\000c\000n\000i\000a\000c\000z\000e}{subsection.1.3}% 8
\BOOKMARK [3][-]{subsubsection.1.3.2}{\376\377\000P\000r\000o\000s\000t\000o\000w\000n\000i\000k\000i}{subsection.1.3}% 9
\BOOKMARK [3][-]{subsubsection.1.3.3}{\376\377\000F\000i\000l\000t\000r\000y}{subsection.1.3}% 10
\BOOKMARK [4][-]{paragraph.1.3.3.1}{\376\377\000G\000\363\000r\000n\000o\000p\000r\000z\000e\000p\000u\000s\000t\000o\000w\000e}{subsubsection.1.3.3}% 11
\BOOKMARK [4][-]{paragraph.1.3.3.2}{\376\377\001\132\000r\000o\000d\000k\000o\000w\000o\000p\000r\000z\000e\000p\000u\000s\000t\000o\000w\000e}{subsubsection.1.3.3}% 12
\BOOKMARK [4][-]{paragraph.1.3.3.3}{\376\377\000D\000o\000l\000n\000o\000p\000r\000z\000e\000p\000u\000s\000t\000o\000w\000e}{subsubsection.1.3.3}% 13
\BOOKMARK [4][-]{paragraph.1.3.3.4}{\376\377\001\132\000r\000o\000d\000k\000o\000w\000o\000z\000a\000p\000o\000r\000o\000w\000e}{subsubsection.1.3.3}% 14
\BOOKMARK [1][-]{section.2}{\376\377\001\006\000w\000i\000c\000z\000e\000n\000i\000a}{}% 15
\BOOKMARK [2][-]{subsection.2.1}{\376\377\001\006\000w\000i\000c\000z\000e\000n\000i\000e\000\040\0002\000.\0001}{section.2}% 16
\BOOKMARK [3][-]{subsubsection.2.1.1}{\376\377\000P\000o\000m\000i\000a\000r\000y}{subsection.2.1}% 17
\BOOKMARK [3][-]{subsubsection.2.1.2}{\376\377\000S\000t\000a\001\102\000a\000\040\000c\000z\000a\000s\000o\000w\000a}{subsection.2.1}% 18
\BOOKMARK [3][-]{subsubsection.2.1.3}{\376\377\000U\000k\001\102\000a\000d\000\040\000C\000R}{subsection.2.1}% 19
\BOOKMARK [3][-]{subsubsection.2.1.4}{\376\377\000P\000o\000m\000i\000a\000r\000y\000\040\000d\000l\000a\000\040\0001\000V\000\040\000o\000r\000a\000z\000\040\0001\000k\000H\000z}{subsection.2.1}% 20
\BOOKMARK [3][-]{subsubsection.2.1.5}{\376\377\000U\000z\000y\000s\000k\000a\000n\000a\000\040\000c\000h\000a\000r\000a\000k\000t\000e\000r\000y\000s\000t\000y\000k\000a\000\040\000a\000m\000p\000l\000i\000t\000u\000d\000o\000w\000a}{subsection.2.1}% 21
\BOOKMARK [3][-]{subsubsection.2.1.6}{\376\377\000U\000z\000y\000s\000k\000a\000n\000a\000\040\000c\000h\000a\000r\000a\000k\000t\000e\000r\000y\000s\000t\000y\000k\000a\000\040\000f\000a\000z\000o\000w\000a}{subsection.2.1}% 22
\BOOKMARK [2][-]{subsection.2.2}{\376\377\001\006\000w\000i\000c\000z\000e\000n\000i\000e\000\040\0002\000.\0002}{section.2}% 23
\BOOKMARK [3][-]{subsubsection.2.2.1}{\376\377\000F\000a\000l\000a\000\040\000P\000r\000o\000s\000t\000o\000k\001\005\000t\000n\000a}{subsection.2.2}% 24
\BOOKMARK [3][-]{subsubsection.2.2.2}{\376\377\000F\000a\000l\000a\000\040\000T\000r\000\363\000j\000k\001\005\000t\000n\000a}{subsection.2.2}% 25
\BOOKMARK [2][-]{subsection.2.3}{\376\377\001\006\000w\000i\000c\000z\000e\000n\000i\000e\000\040\0002\000.\0003}{section.2}% 26
\BOOKMARK [3][-]{subsubsection.2.3.1}{\376\377\000U\000k\001\102\000a\000d\000\040\000R\000C}{subsection.2.3}% 27
\BOOKMARK [3][-]{subsubsection.2.3.2}{\376\377\000P\000o\000m\000i\000a\000r\000y\000\040\000d\000l\000a\000\040\0001\000V\000\040\000o\000r\000a\000z\000\040\0001\000k\000H\000z}{subsection.2.3}% 28
\BOOKMARK [3][-]{subsubsection.2.3.3}{\376\377\000C\000h\000a\000r\000a\000k\000t\000e\000r\000y\000s\000t\000y\000k\000a\000\040\000a\000m\000p\000l\000i\000t\000u\000d\000o\000w\000a}{subsection.2.3}% 29
\BOOKMARK [3][-]{subsubsection.2.3.4}{\376\377\000C\000h\000a\000r\000a\000k\000t\000e\000r\000y\000s\000t\000y\000k\000a\000\040\000f\000a\000z\000o\000w\000a}{subsection.2.3}% 30
\BOOKMARK [3][-]{subsubsection.2.3.5}{\376\377\000P\000r\000z\000e\000b\000i\000e\000g\000\040\000i\000m\000p\000u\000l\000s\000\363\000w\000\040\000w\000y\000j\001\133\000c\000i\000o\000w\000y\000c\000h\000\040\000i\000\040\000w\000e\000j\001\133\000c\000i\000o\000w\000y\000c\000h\000\040\000d\000l\000a\000\040\000f\000a\000l\000i\000\040\000p\000r\000o\000s\000t\000o\000k\001\005\000t\000n\000e\000j}{subsection.2.3}% 31
\BOOKMARK [1][-]{section.3}{\376\377\000O\000m\000\363\000w\000i\000e\000n\000i\000e\000\040\000w\000y\000n\000i\000k\000\363\000w}{}% 32
\BOOKMARK [2][-]{subsection.3.1}{\376\377\001\006\000w\000i\000c\000z\000e\000n\000i\000e\000\040\0002\000.\0001}{section.3}% 33
\BOOKMARK [2][-]{subsection.3.2}{\376\377\001\006\000w\000i\000c\000z\000e\000n\000i\000e\000\040\0002\000.\0002}{section.3}% 34
\BOOKMARK [2][-]{subsection.3.3}{\376\377\001\006\000w\000i\000c\000z\000e\000n\000i\000e\000\040\0002\000.\0003}{section.3}% 35
\BOOKMARK [1][-]{section.4}{\376\377\000P\000o\000d\000s\000u\000m\000o\000w\000a\000n\000i\000e}{}% 36
\BOOKMARK [1][-]{section.5}{\376\377\000N\000o\000t\000a\000t\000k\000i\000\040\000i\000\040\000m\000a\000t\000e\000r\000i\000a\001\102\000y\000\040\000z\000\040\000z\000a\000j\001\031\001\007}{}% 37
