This is pdfTeX, Version 3.141592653-2.6-1.40.22 (TeX Live 2022/dev/Debian) (preloaded format=pdflatex 2023.10.15)  20 APR 2024 14:27
entering extended mode
 restricted \write18 enabled.
 file:line:error style messages enabled.
 %&-line parsing enabled.
**/home/tomdz/Programming/Elektronika/lab3/lab3.tex
(/home/tomdz/Programming/Elektronika/lab3/lab3.tex
LaTeX2e <2021-11-15> patch level 1
L3 programming layer <2022-01-21> (/usr/share/texlive/texmf-dist/tex/latex/base/article.cls
Document Class: article 2021/10/04 v1.4n Standard LaTeX document class
(/usr/share/texlive/texmf-dist/tex/latex/base/size10.clo
File: size10.clo 2021/10/04 v1.4n Standard LaTeX file (size option)
)
\c@part=\count185
\c@section=\count186
\c@subsection=\count187
\c@subsubsection=\count188
\c@paragraph=\count189
\c@subparagraph=\count190
\c@figure=\count191
\c@table=\count192
\abovecaptionskip=\skip47
\belowcaptionskip=\skip48
\bibindent=\dimen138
) (/usr/share/texlive/texmf-dist/tex/latex/base/fontenc.sty
Package: fontenc 2021/04/29 v2.0v Standard LaTeX package
) (/usr/share/texlive/texmf-dist/tex/generic/babel/babel.sty
Package: babel 2022/01/26 3.70 The Babel package
\babel@savecnt=\count193
\U@D=\dimen139
\l@unhyphenated=\language87
 (/usr/share/texlive/texmf-dist/tex/generic/babel/txtbabel.def)
\bbl@readstream=\read2
\bbl@dirlevel=\count194
 (/usr/share/texlive/texmf-dist/tex/generic/babel-polish/polish.ldf
Language: polish 2005/03/31 v1.2l Polish support from the babel system
Package babel Info: Making " an active character on input line 83.
\pl@left=\dimen140
\pl@down=\dimen141
\pl@right=\dimen142
\pl@temp=\dimen143
)) (/usr/share/texlive/texmf-dist/tex/latex/base/inputenc.sty
Package: inputenc 2021/02/14 v1.3d Input encoding file
\inpenc@prehook=\toks16
\inpenc@posthook=\toks17
) (/usr/share/texlive/texmf-dist/tex/latex/graphics/graphicx.sty
Package: graphicx 2021/09/16 v1.2d Enhanced LaTeX Graphics (DPC,SPQR)
 (/usr/share/texlive/texmf-dist/tex/latex/graphics/keyval.sty
Package: keyval 2014/10/28 v1.15 key=value parser (DPC)
\KV@toks@=\toks18
) (/usr/share/texlive/texmf-dist/tex/latex/graphics/graphics.sty
Package: graphics 2021/03/04 v1.4d Standard LaTeX Graphics (DPC,SPQR)
 (/usr/share/texlive/texmf-dist/tex/latex/graphics/trig.sty
Package: trig 2021/08/11 v1.11 sin cos tan (DPC)
) (/usr/share/texlive/texmf-dist/tex/latex/graphics-cfg/graphics.cfg
File: graphics.cfg 2016/06/04 v1.11 sample graphics configuration
)
Package graphics Info: Driver file: pdftex.def on input line 107.
 (/usr/share/texlive/texmf-dist/tex/latex/graphics-def/pdftex.def
File: pdftex.def 2020/10/05 v1.2a Graphics/color driver for pdftex
))
\Gin@req@height=\dimen144
\Gin@req@width=\dimen145
) (/usr/share/texlive/texmf-dist/tex/latex/caption/subcaption.sty
Package: subcaption 2020/10/07 v1.3j Sub-captions (AR)
 (/usr/share/texlive/texmf-dist/tex/latex/caption/caption.sty
Package: caption 2020/10/26 v3.5g Customizing captions (AR)
 (/usr/share/texlive/texmf-dist/tex/latex/caption/caption3.sty
Package: caption3 2020/10/21 v2.2e caption3 kernel (AR)
\captionmargin=\dimen146
\captionmargin@=\dimen147
\captionwidth=\dimen148
\caption@tempdima=\dimen149
\caption@indent=\dimen150
\caption@parindent=\dimen151
\caption@hangindent=\dimen152
Package caption Info: Standard document class detected.
)
\c@caption@flags=\count195
\c@continuedfloat=\count196
)
\c@subfigure=\count197
\c@subtable=\count198
) (/usr/share/texlive/texmf-dist/tex/latex/geometry/geometry.sty
Package: geometry 2020/01/02 v5.9 Page Geometry
 (/usr/share/texlive/texmf-dist/tex/generic/iftex/ifvtex.sty
Package: ifvtex 2019/10/25 v1.7 ifvtex legacy package. Use iftex instead.
 (/usr/share/texlive/texmf-dist/tex/generic/iftex/iftex.sty
Package: iftex 2020/03/06 v1.0d TeX engine tests
))
\Gm@cnth=\count199
\Gm@cntv=\count266
\c@Gm@tempcnt=\count267
\Gm@bindingoffset=\dimen153
\Gm@wd@mp=\dimen154
\Gm@odd@mp=\dimen155
\Gm@even@mp=\dimen156
\Gm@layoutwidth=\dimen157
\Gm@layoutheight=\dimen158
\Gm@layouthoffset=\dimen159
\Gm@layoutvoffset=\dimen160
\Gm@dimlist=\toks19
) (/usr/share/texlive/texmf-dist/tex/latex/listings/listings.sty
\lst@mode=\count268
\lst@gtempboxa=\box50
\lst@token=\toks20
\lst@length=\count269
\lst@currlwidth=\dimen161
\lst@column=\count270
\lst@pos=\count271
\lst@lostspace=\dimen162
\lst@width=\dimen163
\lst@newlines=\count272
\lst@lineno=\count273
\lst@maxwidth=\dimen164
 (/usr/share/texlive/texmf-dist/tex/latex/listings/lstmisc.sty
File: lstmisc.sty 2020/03/24 1.8d (Carsten Heinz)
\c@lstnumber=\count274
\lst@skipnumbers=\count275
\lst@framebox=\box51
) (/usr/share/texlive/texmf-dist/tex/latex/listings/listings.cfg
File: listings.cfg 2020/03/24 1.8d listings configuration
))
Package: listings 2020/03/24 1.8d (Carsten Heinz)
 (/usr/share/texlive/texmf-dist/tex/latex/graphics/color.sty
Package: color 2021/12/07 v1.3c Standard LaTeX Color (DPC)
 (/usr/share/texlive/texmf-dist/tex/latex/graphics-cfg/color.cfg
File: color.cfg 2016/01/02 v1.6 sample color configuration
)
Package color Info: Driver file: pdftex.def on input line 149.
) (/usr/share/texlive/texmf-dist/tex/latex/amsmath/amsmath.sty
Package: amsmath 2021/10/15 v2.17l AMS math features
\@mathmargin=\skip49

For additional information on amsmath, use the `?' option.
(/usr/share/texlive/texmf-dist/tex/latex/amsmath/amstext.sty
Package: amstext 2021/08/26 v2.01 AMS text
 (/usr/share/texlive/texmf-dist/tex/latex/amsmath/amsgen.sty
File: amsgen.sty 1999/11/30 v2.0 generic functions
\@emptytoks=\toks21
\ex@=\dimen165
)) (/usr/share/texlive/texmf-dist/tex/latex/amsmath/amsbsy.sty
Package: amsbsy 1999/11/29 v1.2d Bold Symbols
\pmbraise@=\dimen166
) (/usr/share/texlive/texmf-dist/tex/latex/amsmath/amsopn.sty
Package: amsopn 2021/08/26 v2.02 operator names
)
\inf@bad=\count276
LaTeX Info: Redefining \frac on input line 234.
\uproot@=\count277
\leftroot@=\count278
LaTeX Info: Redefining \overline on input line 399.
\classnum@=\count279
\DOTSCASE@=\count280
LaTeX Info: Redefining \ldots on input line 496.
LaTeX Info: Redefining \dots on input line 499.
LaTeX Info: Redefining \cdots on input line 620.
\Mathstrutbox@=\box52
\strutbox@=\box53
\big@size=\dimen167
LaTeX Font Info:    Redeclaring font encoding OML on input line 743.
LaTeX Font Info:    Redeclaring font encoding OMS on input line 744.
\macc@depth=\count281
\c@MaxMatrixCols=\count282
\dotsspace@=\muskip16
\c@parentequation=\count283
\dspbrk@lvl=\count284
\tag@help=\toks22
\row@=\count285
\column@=\count286
\maxfields@=\count287
\andhelp@=\toks23
\eqnshift@=\dimen168
\alignsep@=\dimen169
\tagshift@=\dimen170
\tagwidth@=\dimen171
\totwidth@=\dimen172
\lineht@=\dimen173
\@envbody=\toks24
\multlinegap=\skip50
\multlinetaggap=\skip51
\mathdisplay@stack=\toks25
LaTeX Info: Redefining \[ on input line 2938.
LaTeX Info: Redefining \] on input line 2939.
) (/usr/share/texlive/texmf-dist/tex/latex/tcolorbox/tcolorbox.sty
Package: tcolorbox 2022/01/07 version 5.0.2 text color boxes
 (/usr/share/texlive/texmf-dist/tex/latex/pgf/basiclayer/pgf.sty (/usr/share/texlive/texmf-dist/tex/latex/pgf/utilities/pgfrcs.sty (/usr/share/texlive/texmf-dist/tex/generic/pgf/utilities/pgfutil-common.tex
\pgfutil@everybye=\toks26
\pgfutil@tempdima=\dimen174
\pgfutil@tempdimb=\dimen175
 (/usr/share/texlive/texmf-dist/tex/generic/pgf/utilities/pgfutil-common-lists.tex)) (/usr/share/texlive/texmf-dist/tex/generic/pgf/utilities/pgfutil-latex.def
\pgfutil@abb=\box54
) (/usr/share/texlive/texmf-dist/tex/generic/pgf/utilities/pgfrcs.code.tex (/usr/share/texlive/texmf-dist/tex/generic/pgf/pgf.revision.tex)
Package: pgfrcs 2021/05/15 v3.1.9a (3.1.9a)
))
Package: pgf 2021/05/15 v3.1.9a (3.1.9a)
 (/usr/share/texlive/texmf-dist/tex/latex/pgf/basiclayer/pgfcore.sty (/usr/share/texlive/texmf-dist/tex/latex/pgf/systemlayer/pgfsys.sty (/usr/share/texlive/texmf-dist/tex/generic/pgf/systemlayer/pgfsys.code.tex
Package: pgfsys 2021/05/15 v3.1.9a (3.1.9a)
 (/usr/share/texlive/texmf-dist/tex/generic/pgf/utilities/pgfkeys.code.tex
\pgfkeys@pathtoks=\toks27
\pgfkeys@temptoks=\toks28
 (/usr/share/texlive/texmf-dist/tex/generic/pgf/utilities/pgfkeysfiltered.code.tex
\pgfkeys@tmptoks=\toks29
))
\pgf@x=\dimen176
\pgf@y=\dimen177
\pgf@xa=\dimen178
\pgf@ya=\dimen179
\pgf@xb=\dimen180
\pgf@yb=\dimen181
\pgf@xc=\dimen182
\pgf@yc=\dimen183
\pgf@xd=\dimen184
\pgf@yd=\dimen185
\w@pgf@writea=\write3
\r@pgf@reada=\read3
\c@pgf@counta=\count288
\c@pgf@countb=\count289
\c@pgf@countc=\count290
\c@pgf@countd=\count291
\t@pgf@toka=\toks30
\t@pgf@tokb=\toks31
\t@pgf@tokc=\toks32
\pgf@sys@id@count=\count292
 (/usr/share/texlive/texmf-dist/tex/generic/pgf/systemlayer/pgf.cfg
File: pgf.cfg 2021/05/15 v3.1.9a (3.1.9a)
)
Driver file for pgf: pgfsys-pdftex.def
 (/usr/share/texlive/texmf-dist/tex/generic/pgf/systemlayer/pgfsys-pdftex.def
File: pgfsys-pdftex.def 2021/05/15 v3.1.9a (3.1.9a)
 (/usr/share/texlive/texmf-dist/tex/generic/pgf/systemlayer/pgfsys-common-pdf.def
File: pgfsys-common-pdf.def 2021/05/15 v3.1.9a (3.1.9a)
))) (/usr/share/texlive/texmf-dist/tex/generic/pgf/systemlayer/pgfsyssoftpath.code.tex
File: pgfsyssoftpath.code.tex 2021/05/15 v3.1.9a (3.1.9a)
\pgfsyssoftpath@smallbuffer@items=\count293
\pgfsyssoftpath@bigbuffer@items=\count294
) (/usr/share/texlive/texmf-dist/tex/generic/pgf/systemlayer/pgfsysprotocol.code.tex
File: pgfsysprotocol.code.tex 2021/05/15 v3.1.9a (3.1.9a)
)) (/usr/share/texlive/texmf-dist/tex/latex/xcolor/xcolor.sty
Package: xcolor 2021/10/31 v2.13 LaTeX color extensions (UK)
 (/usr/share/texlive/texmf-dist/tex/latex/graphics-cfg/color.cfg
File: color.cfg 2016/01/02 v1.6 sample color configuration
)
Package xcolor Info: Driver file: pdftex.def on input line 227.
LaTeX Info: Redefining \color on input line 711.
Package xcolor Info: Model `cmy' substituted by `cmy0' on input line 1352.
Package xcolor Info: Model `hsb' substituted by `rgb' on input line 1356.
Package xcolor Info: Model `RGB' extended on input line 1368.
Package xcolor Info: Model `HTML' substituted by `rgb' on input line 1370.
Package xcolor Info: Model `Hsb' substituted by `hsb' on input line 1371.
Package xcolor Info: Model `tHsb' substituted by `hsb' on input line 1372.
Package xcolor Info: Model `HSB' substituted by `hsb' on input line 1373.
Package xcolor Info: Model `Gray' substituted by `gray' on input line 1374.
Package xcolor Info: Model `wave' substituted by `hsb' on input line 1375.
) (/usr/share/texlive/texmf-dist/tex/generic/pgf/basiclayer/pgfcore.code.tex
Package: pgfcore 2021/05/15 v3.1.9a (3.1.9a)
 (/usr/share/texlive/texmf-dist/tex/generic/pgf/math/pgfmath.code.tex (/usr/share/texlive/texmf-dist/tex/generic/pgf/math/pgfmathcalc.code.tex (/usr/share/texlive/texmf-dist/tex/generic/pgf/math/pgfmathutil.code.tex) (/usr/share/texlive/texmf-dist/tex/generic/pgf/math/pgfmathparser.code.tex
\pgfmath@dimen=\dimen186
\pgfmath@count=\count295
\pgfmath@box=\box55
\pgfmath@toks=\toks33
\pgfmath@stack@operand=\toks34
\pgfmath@stack@operation=\toks35
) (/usr/share/texlive/texmf-dist/tex/generic/pgf/math/pgfmathfunctions.code.tex (/usr/share/texlive/texmf-dist/tex/generic/pgf/math/pgfmathfunctions.basic.code.tex) (/usr/share/texlive/texmf-dist/tex/generic/pgf/math/pgfmathfunctions.trigonometric.code.tex) (/usr/share/texlive/texmf-dist/tex/generic/pgf/math/pgfmathfunctions.random.code.tex) (/usr/share/texlive/texmf-dist/tex/generic/pgf/math/pgfmathfunctions.comparison.code.tex) (/usr/share/texlive/texmf-dist/tex/generic/pgf/math/pgfmathfunctions.base.code.tex) (/usr/share/texlive/texmf-dist/tex/generic/pgf/math/pgfmathfunctions.round.code.tex) (/usr/share/texlive/texmf-dist/tex/generic/pgf/math/pgfmathfunctions.misc.code.tex) (/usr/share/texlive/texmf-dist/tex/generic/pgf/math/pgfmathfunctions.integerarithmetics.code.tex))) (/usr/share/texlive/texmf-dist/tex/generic/pgf/math/pgfmathfloat.code.tex
\c@pgfmathroundto@lastzeros=\count296
)) (/usr/share/texlive/texmf-dist/tex/generic/pgf/math/pgfint.code.tex) (/usr/share/texlive/texmf-dist/tex/generic/pgf/basiclayer/pgfcorepoints.code.tex
File: pgfcorepoints.code.tex 2021/05/15 v3.1.9a (3.1.9a)
\pgf@picminx=\dimen187
\pgf@picmaxx=\dimen188
\pgf@picminy=\dimen189
\pgf@picmaxy=\dimen190
\pgf@pathminx=\dimen191
\pgf@pathmaxx=\dimen192
\pgf@pathminy=\dimen193
\pgf@pathmaxy=\dimen194
\pgf@xx=\dimen195
\pgf@xy=\dimen196
\pgf@yx=\dimen197
\pgf@yy=\dimen198
\pgf@zx=\dimen199
\pgf@zy=\dimen256
) (/usr/share/texlive/texmf-dist/tex/generic/pgf/basiclayer/pgfcorepathconstruct.code.tex
File: pgfcorepathconstruct.code.tex 2021/05/15 v3.1.9a (3.1.9a)
\pgf@path@lastx=\dimen257
\pgf@path@lasty=\dimen258
) (/usr/share/texlive/texmf-dist/tex/generic/pgf/basiclayer/pgfcorepathusage.code.tex
File: pgfcorepathusage.code.tex 2021/05/15 v3.1.9a (3.1.9a)
\pgf@shorten@end@additional=\dimen259
\pgf@shorten@start@additional=\dimen260
) (/usr/share/texlive/texmf-dist/tex/generic/pgf/basiclayer/pgfcorescopes.code.tex
File: pgfcorescopes.code.tex 2021/05/15 v3.1.9a (3.1.9a)
\pgfpic=\box56
\pgf@hbox=\box57
\pgf@layerbox@main=\box58
\pgf@picture@serial@count=\count297
) (/usr/share/texlive/texmf-dist/tex/generic/pgf/basiclayer/pgfcoregraphicstate.code.tex
File: pgfcoregraphicstate.code.tex 2021/05/15 v3.1.9a (3.1.9a)
\pgflinewidth=\dimen261
) (/usr/share/texlive/texmf-dist/tex/generic/pgf/basiclayer/pgfcoretransformations.code.tex
File: pgfcoretransformations.code.tex 2021/05/15 v3.1.9a (3.1.9a)
\pgf@pt@x=\dimen262
\pgf@pt@y=\dimen263
\pgf@pt@temp=\dimen264
) (/usr/share/texlive/texmf-dist/tex/generic/pgf/basiclayer/pgfcorequick.code.tex
File: pgfcorequick.code.tex 2021/05/15 v3.1.9a (3.1.9a)
) (/usr/share/texlive/texmf-dist/tex/generic/pgf/basiclayer/pgfcoreobjects.code.tex
File: pgfcoreobjects.code.tex 2021/05/15 v3.1.9a (3.1.9a)
) (/usr/share/texlive/texmf-dist/tex/generic/pgf/basiclayer/pgfcorepathprocessing.code.tex
File: pgfcorepathprocessing.code.tex 2021/05/15 v3.1.9a (3.1.9a)
) (/usr/share/texlive/texmf-dist/tex/generic/pgf/basiclayer/pgfcorearrows.code.tex
File: pgfcorearrows.code.tex 2021/05/15 v3.1.9a (3.1.9a)
\pgfarrowsep=\dimen265
) (/usr/share/texlive/texmf-dist/tex/generic/pgf/basiclayer/pgfcoreshade.code.tex
File: pgfcoreshade.code.tex 2021/05/15 v3.1.9a (3.1.9a)
\pgf@max=\dimen266
\pgf@sys@shading@range@num=\count298
\pgf@shadingcount=\count299
) (/usr/share/texlive/texmf-dist/tex/generic/pgf/basiclayer/pgfcoreimage.code.tex
File: pgfcoreimage.code.tex 2021/05/15 v3.1.9a (3.1.9a)
 (/usr/share/texlive/texmf-dist/tex/generic/pgf/basiclayer/pgfcoreexternal.code.tex
File: pgfcoreexternal.code.tex 2021/05/15 v3.1.9a (3.1.9a)
\pgfexternal@startupbox=\box59
)) (/usr/share/texlive/texmf-dist/tex/generic/pgf/basiclayer/pgfcorelayers.code.tex
File: pgfcorelayers.code.tex 2021/05/15 v3.1.9a (3.1.9a)
) (/usr/share/texlive/texmf-dist/tex/generic/pgf/basiclayer/pgfcoretransparency.code.tex
File: pgfcoretransparency.code.tex 2021/05/15 v3.1.9a (3.1.9a)
) (/usr/share/texlive/texmf-dist/tex/generic/pgf/basiclayer/pgfcorepatterns.code.tex
File: pgfcorepatterns.code.tex 2021/05/15 v3.1.9a (3.1.9a)
) (/usr/share/texlive/texmf-dist/tex/generic/pgf/basiclayer/pgfcorerdf.code.tex
File: pgfcorerdf.code.tex 2021/05/15 v3.1.9a (3.1.9a)
))) (/usr/share/texlive/texmf-dist/tex/generic/pgf/modules/pgfmoduleshapes.code.tex
File: pgfmoduleshapes.code.tex 2021/05/15 v3.1.9a (3.1.9a)
\pgfnodeparttextbox=\box60
) (/usr/share/texlive/texmf-dist/tex/generic/pgf/modules/pgfmoduleplot.code.tex
File: pgfmoduleplot.code.tex 2021/05/15 v3.1.9a (3.1.9a)
) (/usr/share/texlive/texmf-dist/tex/latex/pgf/compatibility/pgfcomp-version-0-65.sty
Package: pgfcomp-version-0-65 2021/05/15 v3.1.9a (3.1.9a)
\pgf@nodesepstart=\dimen267
\pgf@nodesepend=\dimen268
) (/usr/share/texlive/texmf-dist/tex/latex/pgf/compatibility/pgfcomp-version-1-18.sty
Package: pgfcomp-version-1-18 2021/05/15 v3.1.9a (3.1.9a)
)) (/usr/share/texlive/texmf-dist/tex/latex/tools/verbatim.sty
Package: verbatim 2020-07-07 v1.5u LaTeX2e package for verbatim enhancements
\every@verbatim=\toks36
\verbatim@line=\toks37
\verbatim@in@stream=\read4
) (/usr/share/texlive/texmf-dist/tex/latex/environ/environ.sty
Package: environ 2014/05/04 v0.3 A new way to define environments
 (/usr/share/texlive/texmf-dist/tex/latex/trimspaces/trimspaces.sty
Package: trimspaces 2009/09/17 v1.1 Trim spaces around a token list
)) (/usr/share/texlive/texmf-dist/tex/latex/etoolbox/etoolbox.sty
Package: etoolbox 2020/10/05 v2.5k e-TeX tools for LaTeX (JAW)
\etb@tempcnta=\count300
)
\tcb@titlebox=\box61
\tcb@upperbox=\box62
\tcb@lowerbox=\box63
\tcb@phantombox=\box64
\c@tcbbreakpart=\count301
\c@tcblayer=\count302
\c@tcolorbox@number=\count303
\tcb@temp=\box65
\tcb@temp=\box66
\tcb@temp=\box67
\tcb@temp=\box68
) (/usr/share/texlive/texmf-dist/tex/generic/systeme/systeme.sty (/usr/share/texlive/texmf-dist/tex/generic/xstring/xstring.sty (/usr/share/texlive/texmf-dist/tex/generic/xstring/xstring.tex
\integerpart=\count304
\decimalpart=\count305
)
Package: xstring 2021/07/21 v1.84 String manipulations (CT)
) (/usr/share/texlive/texmf-dist/tex/generic/systeme/systeme.tex
\SYS_systemecode=\toks38
\SYS_systempreamble=\toks39
\SYSeqnum=\count306
)
Package: systeme 2020/05/03 v0.34 Mise en forme de systemes d'equations (CT)
) (/usr/share/texlive/texmf-dist/tex/latex/tools/indentfirst.sty
Package: indentfirst 1995/11/23 v1.03 Indent first paragraph (DPC)
) (/usr/share/texlive/texmf-dist/tex/latex/doublestroke/dsfont.sty
Package: dsfont 1995/08/01 v0.1 Double stroke roman fonts
) (/usr/share/texlive/texmf-dist/tex/latex/blindtext/blindtext.sty
Package: blindtext 2012/01/06 V2.0 blindtext-Package
 (/usr/share/texlive/texmf-dist/tex/latex/tools/xspace.sty
Package: xspace 2014/10/28 v1.13 Space after command names (DPC,MH)
)
\c@blindtext=\count307
\c@Blindtext=\count308
\c@blind@countparstart=\count309
\blind@countxx=\count310
\blindtext@numBlindtext=\count311
\blind@countyy=\count312
\c@blindlist=\count313
\c@blindlistlevel=\count314
\c@blindlist@level=\count315
\blind@listitem=\count316
\c@blind@listcount=\count317
\c@blind@levelcount=\count318
\blind@mathformula=\count319
\blind@Mathformula=\count320
\c@blind@randomcount=\count321
\c@blind@randommax=\count322
\c@blind@pangramcount=\count323
\c@blind@pangrammax=\count324
) (/usr/share/texlive/texmf-dist/tex/latex/fancyhdr/fancyhdr.sty
Package: fancyhdr 2021/01/28 v4.0.1 Extensive control of page headers and footers
\f@nch@headwidth=\skip52
\f@nch@O@elh=\skip53
\f@nch@O@erh=\skip54
\f@nch@O@olh=\skip55
\f@nch@O@orh=\skip56
\f@nch@O@elf=\skip57
\f@nch@O@erf=\skip58
\f@nch@O@olf=\skip59
\f@nch@O@orf=\skip60
) (/usr/share/texlive/texmf-dist/tex/latex/hyperref/hyperref.sty
Package: hyperref 2021-06-07 v7.00m Hypertext links for LaTeX
 (/usr/share/texlive/texmf-dist/tex/generic/ltxcmds/ltxcmds.sty
Package: ltxcmds 2020-05-10 v1.25 LaTeX kernel commands for general use (HO)
) (/usr/share/texlive/texmf-dist/tex/generic/pdftexcmds/pdftexcmds.sty
Package: pdftexcmds 2020-06-27 v0.33 Utility functions of pdfTeX for LuaTeX (HO)
 (/usr/share/texlive/texmf-dist/tex/generic/infwarerr/infwarerr.sty
Package: infwarerr 2019/12/03 v1.5 Providing info/warning/error messages (HO)
)
Package pdftexcmds Info: \pdf@primitive is available.
Package pdftexcmds Info: \pdf@ifprimitive is available.
Package pdftexcmds Info: \pdfdraftmode found.
) (/usr/share/texlive/texmf-dist/tex/generic/kvsetkeys/kvsetkeys.sty
Package: kvsetkeys 2019/12/15 v1.18 Key value parser (HO)
) (/usr/share/texlive/texmf-dist/tex/generic/kvdefinekeys/kvdefinekeys.sty
Package: kvdefinekeys 2019-12-19 v1.6 Define keys (HO)
) (/usr/share/texlive/texmf-dist/tex/generic/pdfescape/pdfescape.sty
Package: pdfescape 2019/12/09 v1.15 Implements pdfTeX's escape features (HO)
) (/usr/share/texlive/texmf-dist/tex/latex/hycolor/hycolor.sty
Package: hycolor 2020-01-27 v1.10 Color options for hyperref/bookmark (HO)
) (/usr/share/texlive/texmf-dist/tex/latex/letltxmacro/letltxmacro.sty
Package: letltxmacro 2019/12/03 v1.6 Let assignment for LaTeX macros (HO)
) (/usr/share/texlive/texmf-dist/tex/latex/auxhook/auxhook.sty
Package: auxhook 2019-12-17 v1.6 Hooks for auxiliary files (HO)
) (/usr/share/texlive/texmf-dist/tex/latex/kvoptions/kvoptions.sty
Package: kvoptions 2020-10-07 v3.14 Key value format for package options (HO)
)
\@linkdim=\dimen269
\Hy@linkcounter=\count325
\Hy@pagecounter=\count326
 (/usr/share/texlive/texmf-dist/tex/latex/hyperref/pd1enc.def
File: pd1enc.def 2021-06-07 v7.00m Hyperref: PDFDocEncoding definition (HO)
Now handling font encoding PD1 ...
... no UTF-8 mapping file for font encoding PD1
) (/usr/share/texlive/texmf-dist/tex/latex/hyperref/hyperref-langpatches.def
File: hyperref-langpatches.def 2021-06-07 v7.00m Hyperref: patches for babel languages
) (/usr/share/texlive/texmf-dist/tex/generic/intcalc/intcalc.sty
Package: intcalc 2019/12/15 v1.3 Expandable calculations with integers (HO)
) (/usr/share/texlive/texmf-dist/tex/generic/etexcmds/etexcmds.sty
Package: etexcmds 2019/12/15 v1.7 Avoid name clashes with e-TeX commands (HO)
)
\Hy@SavedSpaceFactor=\count327
 (/usr/share/texlive/texmf-dist/tex/latex/hyperref/puenc.def
File: puenc.def 2021-06-07 v7.00m Hyperref: PDF Unicode definition (HO)
Now handling font encoding PU ...
... no UTF-8 mapping file for font encoding PU
)
Package hyperref Info: Hyper figures OFF on input line 4192.
Package hyperref Info: Link nesting OFF on input line 4197.
Package hyperref Info: Hyper index ON on input line 4200.
Package hyperref Info: Plain pages OFF on input line 4207.
Package hyperref Info: Backreferencing OFF on input line 4212.
Package hyperref Info: Implicit mode ON; LaTeX internals redefined.
Package hyperref Info: Bookmarks ON on input line 4445.
\c@Hy@tempcnt=\count328
 (/usr/share/texlive/texmf-dist/tex/latex/url/url.sty
\Urlmuskip=\muskip17
Package: url 2013/09/16  ver 3.4  Verb mode for urls, etc.
)
LaTeX Info: Redefining \url on input line 4804.
\XeTeXLinkMargin=\dimen270
 (/usr/share/texlive/texmf-dist/tex/generic/bitset/bitset.sty
Package: bitset 2019/12/09 v1.3 Handle bit-vector datatype (HO)
 (/usr/share/texlive/texmf-dist/tex/generic/bigintcalc/bigintcalc.sty
Package: bigintcalc 2019/12/15 v1.5 Expandable calculations on big integers (HO)
))
\Fld@menulength=\count329
\Field@Width=\dimen271
\Fld@charsize=\dimen272
Package hyperref Info: Hyper figures OFF on input line 6076.
Package hyperref Info: Link nesting OFF on input line 6081.
Package hyperref Info: Hyper index ON on input line 6084.
Package hyperref Info: backreferencing OFF on input line 6091.
Package hyperref Info: Link coloring OFF on input line 6096.
Package hyperref Info: Link coloring with OCG OFF on input line 6101.
Package hyperref Info: PDF/A mode OFF on input line 6106.
LaTeX Info: Redefining \ref on input line 6146.
LaTeX Info: Redefining \pageref on input line 6150.
 (/usr/share/texlive/texmf-dist/tex/latex/base/atbegshi-ltx.sty
Package: atbegshi-ltx 2021/01/10 v1.0c Emulation of the original atbegshi
package with kernel methods
)
\Hy@abspage=\count330
\c@Item=\count331
\c@Hfootnote=\count332
)
Package hyperref Info: Driver (autodetected): hpdftex.
 (/usr/share/texlive/texmf-dist/tex/latex/hyperref/hpdftex.def
File: hpdftex.def 2021-06-07 v7.00m Hyperref driver for pdfTeX
 (/usr/share/texlive/texmf-dist/tex/latex/base/atveryend-ltx.sty
Package: atveryend-ltx 2020/08/19 v1.0a Emulation of the original atveryend package
with kernel methods
)
\Fld@listcount=\count333
\c@bookmark@seq@number=\count334
 (/usr/share/texlive/texmf-dist/tex/latex/rerunfilecheck/rerunfilecheck.sty
Package: rerunfilecheck 2019/12/05 v1.9 Rerun checks for auxiliary files (HO)
 (/usr/share/texlive/texmf-dist/tex/generic/uniquecounter/uniquecounter.sty
Package: uniquecounter 2019/12/15 v1.4 Provide unlimited unique counter (HO)
)
Package uniquecounter Info: New unique counter `rerunfilecheck' on input line 286.
)
\Hy@SectionHShift=\skip61
)
Package hyperref Info: Option `colorlinks' set `true' on input line 26.
 (/usr/share/texlive/texmf-dist/tex/latex/l3backend/l3backend-pdftex.def
File: l3backend-pdftex.def 2022-01-12 L3 backend support: PDF output (pdfTeX)
\l__color_backend_stack_int=\count335
\l__pdf_internal_box=\box69
) (./lab3.aux)
\openout1 = `lab3.aux'.

LaTeX Font Info:    Checking defaults for OML/cmm/m/it on input line 34.
LaTeX Font Info:    ... okay on input line 34.
LaTeX Font Info:    Checking defaults for OMS/cmsy/m/n on input line 34.
LaTeX Font Info:    ... okay on input line 34.
LaTeX Font Info:    Checking defaults for OT1/cmr/m/n on input line 34.
LaTeX Font Info:    ... okay on input line 34.
LaTeX Font Info:    Checking defaults for T1/cmr/m/n on input line 34.
LaTeX Font Info:    ... okay on input line 34.
LaTeX Font Info:    Checking defaults for TS1/cmr/m/n on input line 34.
LaTeX Font Info:    ... okay on input line 34.
LaTeX Font Info:    Checking defaults for OMX/cmex/m/n on input line 34.
LaTeX Font Info:    ... okay on input line 34.
LaTeX Font Info:    Checking defaults for U/cmr/m/n on input line 34.
LaTeX Font Info:    ... okay on input line 34.
LaTeX Font Info:    Checking defaults for PD1/pdf/m/n on input line 34.
LaTeX Font Info:    ... okay on input line 34.
LaTeX Font Info:    Checking defaults for PU/pdf/m/n on input line 34.
LaTeX Font Info:    ... okay on input line 34.
 (/usr/share/texlive/texmf-dist/tex/context/base/mkii/supp-pdf.mkii
[Loading MPS to PDF converter (version 2006.09.02).]
\scratchcounter=\count336
\scratchdimen=\dimen273
\scratchbox=\box70
\nofMPsegments=\count337
\nofMParguments=\count338
\everyMPshowfont=\toks40
\MPscratchCnt=\count339
\MPscratchDim=\dimen274
\MPnumerator=\count340
\makeMPintoPDFobject=\count341
\everyMPtoPDFconversion=\toks41
) (/usr/share/texlive/texmf-dist/tex/latex/epstopdf-pkg/epstopdf-base.sty
Package: epstopdf-base 2020-01-24 v2.11 Base part for package epstopdf
Package epstopdf-base Info: Redefining graphics rule for `.eps' on input line 485.
 (/usr/share/texlive/texmf-dist/tex/latex/latexconfig/epstopdf-sys.cfg
File: epstopdf-sys.cfg 2010/07/13 v1.3 Configuration of (r)epstopdf for TeX Live
))
Package caption Info: Begin \AtBeginDocument code.
Package caption Info: hyperref package is loaded.
Package caption Info: listings package is loaded.
Package caption Info: End \AtBeginDocument code.

*geometry* driver: auto-detecting
*geometry* detected driver: pdftex
*geometry* verbose mode - [ preamble ] result:
* driver: pdftex
* paper: <default>
* layout: <same size as paper>
* layoutoffset:(h,v)=(0.0pt,0.0pt)
* modes: 
* h-part:(L,W,R)=(56.9055pt, 500.484pt, 56.9055pt)
* v-part:(T,H,B)=(56.9055pt, 681.15898pt, 56.9055pt)
* \paperwidth=614.295pt
* \paperheight=794.96999pt
* \textwidth=500.484pt
* \textheight=681.15898pt
* \oddsidemargin=-15.36449pt
* \evensidemargin=-15.36449pt
* \topmargin=-52.36449pt
* \headheight=12.0pt
* \headsep=25.0pt
* \topskip=10.0pt
* \footskip=30.0pt
* \marginparwidth=65.0pt
* \marginparsep=11.0pt
* \columnsep=10.0pt
* \skip\footins=9.0pt plus 4.0pt minus 2.0pt
* \hoffset=0.0pt
* \voffset=0.0pt
* \mag=1000
* \@twocolumnfalse
* \@twosidefalse
* \@mparswitchfalse
* \@reversemarginfalse
* (1in=72.27pt=25.4mm, 1cm=28.453pt)

\c@lstlisting=\count342
Package hyperref Info: Link coloring ON on input line 34.
(/usr/share/texlive/texmf-dist/tex/latex/hyperref/nameref.sty
Package: nameref 2021-04-02 v2.47 Cross-referencing by name of section
 (/usr/share/texlive/texmf-dist/tex/latex/refcount/refcount.sty
Package: refcount 2019/12/15 v3.6 Data extraction from label references (HO)
) (/usr/share/texlive/texmf-dist/tex/generic/gettitlestring/gettitlestring.sty
Package: gettitlestring 2019/12/15 v1.6 Cleanup title references (HO)
)
\c@section@level=\count343
)
LaTeX Info: Redefining \ref on input line 34.
LaTeX Info: Redefining \pageref on input line 34.
LaTeX Info: Redefining \nameref on input line 34.
 (./lab3.out) (./lab3.out)
\@outlinefile=\write4
\openout4 = `lab3.out'.

 (./lab3.toc)
\tf@toc=\write5
\openout5 = `lab3.toc'.

 [1

{/var/lib/texmf/fonts/map/pdftex/updmap/pdftex.map}]
Package epstopdf Info: Source file: <grafiki/bez_sprzezenia.eps>
(epstopdf)                    date: 2024-04-18 17:37:52
(epstopdf)                    size: 42399 bytes
(epstopdf)             Output file: <grafiki/bez_sprzezenia-eps-converted-to.pdf>
(epstopdf)                    date: 2024-04-18 17:41:38
(epstopdf)                    size: 13087 bytes
(epstopdf)             Command: <repstopdf --outfile=grafiki/bez_sprzezenia-eps-converted-to.pdf grafiki/bez_sprzezenia.eps>
(epstopdf)             \includegraphics on input line 62.
Package epstopdf Info: Output file is already uptodate.
<grafiki/bez_sprzezenia-eps-converted-to.pdf, id=164, 303.1325pt x 103.38625pt>
File: grafiki/bez_sprzezenia-eps-converted-to.pdf Graphic file (type pdf)
<use grafiki/bez_sprzezenia-eps-converted-to.pdf>
Package pdftex.def Info: grafiki/bez_sprzezenia-eps-converted-to.pdf  used on input line 62.
(pdftex.def)             Requested size: 227.34882pt x 77.53949pt.
Package epstopdf Info: Source file: <grafiki/z_sprzezeniem.eps>
(epstopdf)                    date: 2024-04-18 17:38:07
(epstopdf)                    size: 61122 bytes
(epstopdf)             Output file: <grafiki/z_sprzezeniem-eps-converted-to.pdf>
(epstopdf)                    date: 2024-04-18 17:41:38
(epstopdf)                    size: 17021 bytes
(epstopdf)             Command: <repstopdf --outfile=grafiki/z_sprzezeniem-eps-converted-to.pdf grafiki/z_sprzezeniem.eps>
(epstopdf)             \includegraphics on input line 68.
Package epstopdf Info: Output file is already uptodate.
<grafiki/z_sprzezeniem-eps-converted-to.pdf, id=167, 338.26375pt x 234.8775pt>
File: grafiki/z_sprzezeniem-eps-converted-to.pdf Graphic file (type pdf)
<use grafiki/z_sprzezeniem-eps-converted-to.pdf>
Package pdftex.def Info: grafiki/z_sprzezeniem-eps-converted-to.pdf  used on input line 68.
(pdftex.def)             Requested size: 253.69717pt x 176.15768pt.

Overfull \hbox (3.45518pt too wide) in paragraph at lines 68--70
 [][] 
 []


Overfull \hbox (2.22166pt too wide) in paragraph at lines 60--72
[]$[]$ $[]$ 
 []

Package epstopdf Info: Source file: <grafiki/wmacniacz_symbol.eps>
(epstopdf)                    date: 2024-04-18 18:23:07
(epstopdf)                    size: 18941 bytes
(epstopdf)             Output file: <grafiki/wmacniacz_symbol-eps-converted-to.pdf>
(epstopdf)                    date: 2024-04-18 18:44:05
(epstopdf)                    size: 5415 bytes
(epstopdf)             Command: <repstopdf --outfile=grafiki/wmacniacz_symbol-eps-converted-to.pdf grafiki/wmacniacz_symbol.eps>
(epstopdf)             \includegraphics on input line 101.
Package epstopdf Info: Output file is already uptodate.
<grafiki/wmacniacz_symbol-eps-converted-to.pdf, id=170, 187.70125pt x 179.67125pt>
File: grafiki/wmacniacz_symbol-eps-converted-to.pdf Graphic file (type pdf)
<use grafiki/wmacniacz_symbol-eps-converted-to.pdf>
Package pdftex.def Info: grafiki/wmacniacz_symbol-eps-converted-to.pdf  used on input line 101.
(pdftex.def)             Requested size: 131.38997pt x 125.769pt.
[2 <./grafiki/bez_sprzezenia-eps-converted-to.pdf> <./grafiki/z_sprzezeniem-eps-converted-to.pdf>]
Package epstopdf Info: Source file: <grafiki/odwracajacy_faze.eps>
(epstopdf)                    date: 2024-04-18 19:07:04
(epstopdf)                    size: 28945 bytes
(epstopdf)             Output file: <grafiki/odwracajacy_faze-eps-converted-to.pdf>
(epstopdf)                    date: 2024-04-18 19:25:38
(epstopdf)                    size: 7797 bytes
(epstopdf)             Command: <repstopdf --outfile=grafiki/odwracajacy_faze-eps-converted-to.pdf grafiki/odwracajacy_faze.eps>
(epstopdf)             \includegraphics on input line 119.
Package epstopdf Info: Output file is already uptodate.
<grafiki/odwracajacy_faze-eps-converted-to.pdf, id=191, 374.39874pt x 208.78pt>
File: grafiki/odwracajacy_faze-eps-converted-to.pdf Graphic file (type pdf)
<use grafiki/odwracajacy_faze-eps-converted-to.pdf>
Package pdftex.def Info: grafiki/odwracajacy_faze-eps-converted-to.pdf  used on input line 119.
(pdftex.def)             Requested size: 262.07733pt x 146.14497pt.
Package epstopdf Info: Source file: <grafiki/sumujacy.eps>
(epstopdf)                    date: 2024-04-18 19:48:15
(epstopdf)                    size: 50472 bytes
(epstopdf)             Output file: <grafiki/sumujacy-eps-converted-to.pdf>
(epstopdf)                    date: 2024-04-18 19:54:13
(epstopdf)                    size: 12903 bytes
(epstopdf)             Command: <repstopdf --outfile=grafiki/sumujacy-eps-converted-to.pdf grafiki/sumujacy.eps>
(epstopdf)             \includegraphics on input line 137.
Package epstopdf Info: Output file is already uptodate.
<grafiki/sumujacy-eps-converted-to.pdf, id=194, 418.56375pt x 298.11375pt>
File: grafiki/sumujacy-eps-converted-to.pdf Graphic file (type pdf)
<use grafiki/sumujacy-eps-converted-to.pdf>
Package pdftex.def Info: grafiki/sumujacy-eps-converted-to.pdf  used on input line 137.
(pdftex.def)             Requested size: 292.99261pt x 208.67819pt.
 [3 <./grafiki/wmacniacz_symbol-eps-converted-to.pdf> <./grafiki/odwracajacy_faze-eps-converted-to.pdf>]
Package epstopdf Info: Source file: <grafiki/Schmidt.eps>
(epstopdf)                    date: 2024-04-18 21:28:38
(epstopdf)                    size: 38194 bytes
(epstopdf)             Output file: <grafiki/Schmidt-eps-converted-to.pdf>
(epstopdf)                    date: 2024-04-18 21:42:40
(epstopdf)                    size: 10119 bytes
(epstopdf)             Command: <repstopdf --outfile=grafiki/Schmidt-eps-converted-to.pdf grafiki/Schmidt.eps>
(epstopdf)             \includegraphics on input line 170.
Package epstopdf Info: Output file is already uptodate.
<grafiki/Schmidt-eps-converted-to.pdf, id=208, 335.2525pt x 210.7875pt>
File: grafiki/Schmidt-eps-converted-to.pdf Graphic file (type pdf)
<use grafiki/Schmidt-eps-converted-to.pdf>
Package pdftex.def Info: grafiki/Schmidt-eps-converted-to.pdf  used on input line 170.
(pdftex.def)             Requested size: 234.67514pt x 147.55025pt.
Package epstopdf Info: Source file: <grafiki/petla_histerezy.eps>
(epstopdf)                    date: 2024-04-20 11:54:07
(epstopdf)                    size: 16549 bytes
(epstopdf)             Output file: <grafiki/petla_histerezy-eps-converted-to.pdf>
(epstopdf)                    date: 2024-04-20 11:55:31
(epstopdf)                    size: 5350 bytes
(epstopdf)             Command: <repstopdf --outfile=grafiki/petla_histerezy-eps-converted-to.pdf grafiki/petla_histerezy.eps>
(epstopdf)             \includegraphics on input line 177.
Package epstopdf Info: Output file is already uptodate.
<grafiki/petla_histerezy-eps-converted-to.pdf, id=211, 255.95625pt x 239.89626pt>
File: grafiki/petla_histerezy-eps-converted-to.pdf Graphic file (type pdf)
<use grafiki/petla_histerezy-eps-converted-to.pdf>
Package pdftex.def Info: grafiki/petla_histerezy-eps-converted-to.pdf  used on input line 177.
(pdftex.def)             Requested size: 179.16814pt x 167.92622pt.

Overfull \hbox (2.22166pt too wide) in paragraph at lines 168--182
[]$[]$ $[]$ 
 []

[4 <./grafiki/sumujacy-eps-converted-to.pdf>]
<grafiki/plytka.jpg, id=224, 2798.455pt x 2098.84125pt>
File: grafiki/plytka.jpg Graphic file (type jpg)
<use grafiki/plytka.jpg>
Package pdftex.def Info: grafiki/plytka.jpg  used on input line 216.
(pdftex.def)             Requested size: 167.90005pt x 125.92503pt.
 [5 <./grafiki/Schmidt-eps-converted-to.pdf> <./grafiki/petla_histerezy-eps-converted-to.pdf> <./grafiki/plytka.jpg>]
Underfull \hbox (badness 10000) in paragraph at lines 229--232

 []


Underfull \hbox (badness 10000) in paragraph at lines 233--234

 []

<grafiki/plytka_odwracajacy.jpg, id=235, 2796.4475pt x 2097.8375pt>
File: grafiki/plytka_odwracajacy.jpg Graphic file (type jpg)
<use grafiki/plytka_odwracajacy.jpg>
Package pdftex.def Info: grafiki/plytka_odwracajacy.jpg  used on input line 241.
(pdftex.def)             Requested size: 195.77132pt x 146.86363pt.
<grafiki/1kHz_1V.png, id=236, 602.25pt x 451.6875pt>
File: grafiki/1kHz_1V.png Graphic file (type png)
<use grafiki/1kHz_1V.png>
Package pdftex.def Info: grafiki/1kHz_1V.png  used on input line 250.
(pdftex.def)             Requested size: 271.01pt x 203.25749pt.
[6 <./grafiki/plytka_odwracajacy.jpg> <./grafiki/1kHz_1V.png>]
Package epstopdf Info: Source file: <grafiki/amp_plot.eps>
(epstopdf)                    date: 2024-04-19 15:27:22
(epstopdf)                    size: 48639 bytes
(epstopdf)             Output file: <grafiki/amp_plot-eps-converted-to.pdf>
(epstopdf)                    date: 2024-04-19 15:47:04
(epstopdf)                    size: 14539 bytes
(epstopdf)             Command: <repstopdf --outfile=grafiki/amp_plot-eps-converted-to.pdf grafiki/amp_plot.eps>
(epstopdf)             \includegraphics on input line 308.
Package epstopdf Info: Output file is already uptodate.
<grafiki/amp_plot-eps-converted-to.pdf, id=246, 361.35pt x 216.81pt>
File: grafiki/amp_plot-eps-converted-to.pdf Graphic file (type pdf)
<use grafiki/amp_plot-eps-converted-to.pdf>
Package pdftex.def Info: grafiki/amp_plot-eps-converted-to.pdf  used on input line 308.
(pdftex.def)             Requested size: 361.34912pt x 216.80946pt.
Package epstopdf Info: Source file: <grafiki/phase_plot.eps>
(epstopdf)                    date: 2024-04-19 15:27:20
(epstopdf)                    size: 44927 bytes
(epstopdf)             Output file: <grafiki/phase_plot-eps-converted-to.pdf>
(epstopdf)                    date: 2024-04-19 16:12:43
(epstopdf)                    size: 13464 bytes
(epstopdf)             Command: <repstopdf --outfile=grafiki/phase_plot-eps-converted-to.pdf grafiki/phase_plot.eps>
(epstopdf)             \includegraphics on input line 363.
Package epstopdf Info: Output file is already uptodate.
<grafiki/phase_plot-eps-converted-to.pdf, id=247, 361.35pt x 216.81pt>
File: grafiki/phase_plot-eps-converted-to.pdf Graphic file (type pdf)
<use grafiki/phase_plot-eps-converted-to.pdf>
Package pdftex.def Info: grafiki/phase_plot-eps-converted-to.pdf  used on input line 363.
(pdftex.def)             Requested size: 271.01184pt x 162.60709pt.

Overfull \hbox (20.76985pt too wide) in paragraph at lines 363--365
 [][] 
 []

[7 <./grafiki/amp_plot-eps-converted-to.pdf>]
Underfull \hbox (badness 10000) in paragraph at lines 372--376

 []

<grafiki/plytka_sumujący.jpg, id=269, 2465.21pt x 2162.0775pt>
File: grafiki/plytka_sumujący.jpg Graphic file (type jpg)
<use grafiki/plytka_sumujący.jpg>
Package pdftex.def Info: grafiki/plytka_sumujący.jpg  used on input line 379.
(pdftex.def)             Requested size: 172.58234pt x 151.36089pt.
[8 <./grafiki/phase_plot-eps-converted-to.pdf> <./grafiki/plytka_sumujący.jpg>]
<grafiki/freq.png, id=288, 602.25pt x 451.6875pt>
File: grafiki/freq.png Graphic file (type png)
<use grafiki/freq.png>
Package pdftex.def Info: grafiki/freq.png  used on input line 404.
(pdftex.def)             Requested size: 391.45786pt x 293.59338pt.

Underfull \hbox (badness 10000) in paragraph at lines 409--412

 []

<grafiki/Schmidt.jpg, id=290, 2585.66pt x 1975.38pt>
File: grafiki/Schmidt.jpg Graphic file (type jpg)
<use grafiki/Schmidt.jpg>
Package pdftex.def Info: grafiki/Schmidt.jpg  used on input line 430.
(pdftex.def)             Requested size: 181.0147pt x 138.29073pt.
[9 <./grafiki/freq.png>]
Underfull \hbox (badness 10000) in paragraph at lines 435--438

 []


Underfull \hbox (badness 10000) in paragraph at lines 441--442

 []

<grafiki/sin_wyj.png, id=303, 602.25pt x 451.6875pt>
File: grafiki/sin_wyj.png Graphic file (type png)
<use grafiki/sin_wyj.png>
Package pdftex.def Info: grafiki/sin_wyj.png  used on input line 451.
(pdftex.def)             Requested size: 210.79065pt x 158.09299pt.
<grafiki/sin_Histereza.png, id=304, 602.25pt x 451.6875pt>
File: grafiki/sin_Histereza.png Graphic file (type png)
<use grafiki/sin_Histereza.png>
Package pdftex.def Info: grafiki/sin_Histereza.png  used on input line 457.
(pdftex.def)             Requested size: 210.79065pt x 158.09299pt.

Overfull \hbox (2.22166pt too wide) in paragraph at lines 449--461
[]$[]$ $[]$ 
 []

[10 <./grafiki/Schmidt.jpg> <./grafiki/sin_wyj.png> <./grafiki/sin_Histereza.png>]
<grafiki/ramp_wyj.png, id=314, 602.25pt x 451.6875pt>
File: grafiki/ramp_wyj.png Graphic file (type png)
<use grafiki/ramp_wyj.png>
Package pdftex.def Info: grafiki/ramp_wyj.png  used on input line 469.
(pdftex.def)             Requested size: 210.79065pt x 158.09299pt.
<grafiki/ramp_Histereza.png, id=315, 602.25pt x 451.6875pt>
File: grafiki/ramp_Histereza.png Graphic file (type png)
<use grafiki/ramp_Histereza.png>
Package pdftex.def Info: grafiki/ramp_Histereza.png  used on input line 475.
(pdftex.def)             Requested size: 210.79065pt x 158.09299pt.

Overfull \hbox (2.22166pt too wide) in paragraph at lines 467--479
[]$[]$ $[]$ 
 []

[11 <./grafiki/ramp_wyj.png> <./grafiki/ramp_Histereza.png>]
<grafiki/zdj1.jpg, id=324, 996.72375pt x 1492.57625pt>
File: grafiki/zdj1.jpg Graphic file (type jpg)
<use grafiki/zdj1.jpg>
Package pdftex.def Info: grafiki/zdj1.jpg  used on input line 503.
(pdftex.def)             Requested size: 199.34122pt x 298.50996pt.
<grafiki/zdj2.jpg, id=325, 990.70125pt x 1497.595pt>
File: grafiki/zdj2.jpg Graphic file (type jpg)
<use grafiki/zdj2.jpg>
Package pdftex.def Info: grafiki/zdj2.jpg  used on input line 509.
(pdftex.def)             Requested size: 198.13673pt x 299.5137pt.

Overfull \hbox (2.22166pt too wide) in paragraph at lines 501--513
[]$[]$ $[]$ 
 []

<grafiki/zdj3.jpg, id=326, 1019.81pt x 1548.78625pt>
File: grafiki/zdj3.jpg Graphic file (type jpg)
<use grafiki/zdj3.jpg>
Package pdftex.def Info: grafiki/zdj3.jpg  used on input line 518.
(pdftex.def)             Requested size: 152.96489pt x 232.3079pt.
<grafiki/r_min.jpg, id=327, 2110.88625pt x 2814.515pt>
File: grafiki/r_min.jpg Graphic file (type jpg)
<use grafiki/r_min.jpg>
Package pdftex.def Info: grafiki/r_min.jpg  used on input line 524.
(pdftex.def)             Requested size: 168.87434pt x 225.1658pt.

Overfull \hbox (2.22166pt too wide) in paragraph at lines 516--528
[]$[]$ $[]$ 
 []

<grafiki/r_max.jpg, id=328, 2043.635pt x 2725.18124pt>
File: grafiki/r_max.jpg Graphic file (type jpg)
<use grafiki/r_max.jpg>
Package pdftex.def Info: grafiki/r_max.jpg  used on input line 533.
(pdftex.def)             Requested size: 163.49414pt x 218.01895pt.
<grafiki/y_min.jpg, id=329, 2089.8075pt x 2786.41pt>
File: grafiki/y_min.jpg Graphic file (type jpg)
<use grafiki/y_min.jpg>
Package pdftex.def Info: grafiki/y_min.jpg  used on input line 539.
(pdftex.def)             Requested size: 167.18802pt x 222.91736pt.

Overfull \hbox (2.22166pt too wide) in paragraph at lines 531--543
[]$[]$ $[]$ 
 []

<grafiki/y_max.jpg, id=330, 2019.545pt x 2693.06125pt>
File: grafiki/y_max.jpg Graphic file (type jpg)
<use grafiki/y_max.jpg>
Package pdftex.def Info: grafiki/y_max.jpg  used on input line 547.
(pdftex.def)             Requested size: 252.4425pt x 336.63184pt.
[12 <./grafiki/zdj1.jpg> <./grafiki/zdj2.jpg>] [13 <./grafiki/zdj3.jpg> <./grafiki/r_min.jpg> <./grafiki/r_max.jpg> <./grafiki/y_min.jpg>] [14 <./grafiki/y_max.jpg>] (./lab3.aux)
Package rerunfilecheck Info: File `lab3.out' has not changed.
(rerunfilecheck)             Checksum: CBCC22C472E9988A21132FC43CC9F8DC;4341.
 ) 
Here is how much of TeX's memory you used:
 24389 strings out of 478287
 447500 string characters out of 5849288
 760187 words of memory out of 5000000
 42103 multiletter control sequences out of 15000+600000
 481226 words of font info for 55 fonts, out of 8000000 for 9000
 1141 hyphenation exceptions out of 8191
 83i,11n,89p,743b,463s stack positions out of 5000i,500n,10000p,200000b,80000s
{/usr/share/texmf/fonts/enc/dvips/cm-super/cm-super-ts1.enc}{/usr/share/texmf/fonts/enc/dvips/cm-super/cm-super-t1.enc}</usr/share/texlive/texmf-dist/fonts/type1/public/amsfonts/cm/cmbx10.pfb></usr/share/texlive/texmf-dist/fonts/type1/public/amsfonts/cm/cmbx7.pfb></usr/share/texlive/texmf-dist/fonts/type1/public/amsfonts/cm/cmmi10.pfb></usr/share/texlive/texmf-dist/fonts/type1/public/amsfonts/cm/cmmi7.pfb></usr/share/texlive/texmf-dist/fonts/type1/public/amsfonts/cm/cmr10.pfb></usr/share/texlive/texmf-dist/fonts/type1/public/amsfonts/cm/cmr7.pfb></usr/share/texlive/texmf-dist/fonts/type1/public/amsfonts/cm/cmsy10.pfb></usr/share/texlive/texmf-dist/fonts/type1/public/amsfonts/cm/cmsy7.pfb></usr/share/texmf/fonts/type1/public/cm-super/sfbx1000.pfb></usr/share/texmf/fonts/type1/public/cm-super/sfbx1200.pfb></usr/share/texmf/fonts/type1/public/cm-super/sfbx1440.pfb></usr/share/texmf/fonts/type1/public/cm-super/sfrm0900.pfb></usr/share/texmf/fonts/type1/public/cm-super/sfrm1000.pfb></usr/share/texmf/fonts/type1/public/cm-super/sfrm1200.pfb></usr/share/texmf/fonts/type1/public/cm-super/sfrm1728.pfb></usr/share/texmf/fonts/type1/public/cm-super/sfti1000.pfb>
Output written on lab3.pdf (14 pages, 12261267 bytes).
PDF statistics:
 439 PDF objects out of 1000 (max. 8388607)
 332 compressed objects within 4 object streams
 76 named destinations out of 1000 (max. 500000)
 375 words of extra memory for PDF output out of 10000 (max. 10000000)

