\BOOKMARK [1][-]{section.1}{\376\377\000W\000s\000t\001\031\000p\000\040\000t\000e\000o\000r\000e\000t\000y\000c\000z\000n\000y}{}% 1
\BOOKMARK [2][-]{subsection.1.1}{\376\377\000S\000p\000r\000z\001\031\001\174\000e\000n\000i\000e\000\040\000z\000w\000r\000o\000t\000n\000e}{section.1}% 2
\BOOKMARK [2][-]{subsection.1.2}{\376\377\000W\000z\000m\000a\000c\000n\000i\000a\000c\000z\000\040\000o\000p\000e\000r\000a\000c\000y\000j\000n\000y}{section.1}% 3
\BOOKMARK [3][-]{subsubsection.1.2.1}{\376\377\000W\000z\000m\000a\000c\000n\000i\000a\000c\000z\000\040\000o\000d\000w\000r\000a\000c\000a\000j\001\005\000c\000y\000\040\000f\000a\000z\001\031}{subsection.1.2}% 4
\BOOKMARK [3][-]{subsubsection.1.2.2}{\376\377\000W\000z\000m\000a\000c\000n\000i\000a\000c\000z\000\040\000s\000u\000m\000u\000j\001\005\000c\000y}{subsection.1.2}% 5
\BOOKMARK [2][-]{subsection.1.3}{\376\377\000P\000r\000z\000e\000r\000z\000u\000t\000n\000i\000k}{section.1}% 6
\BOOKMARK [3][-]{subsubsection.1.3.1}{\376\377\000R\000o\000d\000z\000a\000j\000e\000\040\000p\000r\000z\000e\000r\000z\000u\000t\000n\000i\000k\000\363\000w}{subsection.1.3}% 7
\BOOKMARK [4][-]{paragraph.1.3.1.1}{\376\377\000b\000i\000s\000t\000a\000b\000i\000l\000n\000e}{subsubsection.1.3.1}% 8
\BOOKMARK [4][-]{paragraph.1.3.1.2}{\376\377\000m\000o\000n\000o\000s\000t\000a\000b\000i\000l\000n\000e}{subsubsection.1.3.1}% 9
\BOOKMARK [4][-]{paragraph.1.3.1.3}{\376\377\000a\000s\000t\000a\000b\000i\000l\000n\000e}{subsubsection.1.3.1}% 10
\BOOKMARK [1][-]{section.2}{\376\377\001\006\000w\000i\000c\000z\000e\000n\000i\000a}{}% 11
\BOOKMARK [2][-]{subsection.2.1}{\376\377\001\006\000w\000i\000c\000z\000e\000n\000i\000e\000\040\0003\000.\0001}{section.2}% 12
\BOOKMARK [2][-]{subsection.2.2}{\376\377\001\006\000w\000i\000c\000z\000e\000n\000i\000e\000\040\0003\000.\0002}{section.2}% 13
\BOOKMARK [3][-]{subsubsection.2.2.1}{\376\377\000W\000z\000m\000a\000c\000n\000i\000a\000c\000z\000\040\000o\000\040\000w\000z\000m\000o\000c\000n\000i\000e\000n\000i\000u\000\040\0001\0000}{subsection.2.2}% 14
\BOOKMARK [3][-]{subsubsection.2.2.2}{\376\377\000P\000o\000m\000i\000a\000r\000y\000\040\000d\000l\000a\000\040\0001\000V\000\040\000o\000r\000a\000z\000\040\0001\000k\000H\000z}{subsection.2.2}% 15
\BOOKMARK [3][-]{subsubsection.2.2.3}{\376\377\000C\000h\000a\000r\000a\000k\000t\000e\000r\000y\000s\000t\000y\000k\000a\000\040\000a\000m\000p\000l\000i\000t\000u\000d\000o\000w\000a}{subsection.2.2}% 16
\BOOKMARK [3][-]{subsubsection.2.2.4}{\376\377\000C\000h\000a\000r\000a\000k\000t\000e\000r\000y\000s\000t\000y\000k\000a\000\040\000f\000a\000z\000o\000w\000a}{subsection.2.2}% 17
\BOOKMARK [2][-]{subsection.2.3}{\376\377\001\006\000w\000i\000c\000z\000e\000n\000i\000e\000\040\0003\000.\0003}{section.2}% 18
\BOOKMARK [3][-]{subsubsection.2.3.1}{\376\377\000Z\000j\000a\000w\000i\000s\000k\000o\000\040\000d\000u\000d\000n\000i\000e\001\104}{subsection.2.3}% 19
\BOOKMARK [2][-]{subsection.2.4}{\376\377\001\006\000w\000i\000c\000z\000e\000n\000i\000e\000\040\0003\000.\0004}{section.2}% 20
\BOOKMARK [3][-]{subsubsection.2.4.1}{\376\377\000S\000y\000g\000n\000a\001\102\000\040\000s\000i\000n\000u\000s\000o\000i\000d\000a\000l\000n\000y}{subsection.2.4}% 21
\BOOKMARK [3][-]{subsubsection.2.4.2}{\376\377\000S\000y\000g\000n\000a\001\102\000\040\000t\000r\000\363\000j\000k\001\005\000t\000n\000y}{subsection.2.4}% 22
\BOOKMARK [1][-]{section.3}{\376\377\000O\000m\000\363\000w\000i\000e\000n\000i\000e\000\040\000w\000y\000n\000i\000k\000\363\000w}{}% 23
\BOOKMARK [2][-]{subsection.3.1}{\376\377\001\006\000w\000i\000c\000z\000e\000n\000i\000e\000\040\0003\000.\0001}{section.3}% 24
\BOOKMARK [2][-]{subsection.3.2}{\376\377\001\006\000w\000i\000c\000z\000e\000n\000i\000e\000\040\0003\000.\0002}{section.3}% 25
\BOOKMARK [2][-]{subsection.3.3}{\376\377\001\006\000w\000i\000c\000z\000e\000n\000i\000e\000\040\0003\000.\0003}{section.3}% 26
\BOOKMARK [2][-]{subsection.3.4}{\376\377\001\006\000w\000i\000c\000z\000e\000n\000i\000e\000\040\0003\000.\0004}{section.3}% 27
\BOOKMARK [1][-]{section.4}{\376\377\000P\000o\000d\000s\000u\000m\000o\000w\000a\000n\000i\000e}{}% 28
\BOOKMARK [1][-]{section.5}{\376\377\000N\000o\000t\000a\000t\000k\000i\000\040\000i\000\040\000m\000a\000t\000e\000r\000i\000a\001\102\000y\000\040\000z\000\040\000z\000a\000j\001\031\001\007}{}% 29
