This is pdfTeX, Version 3.141592653-2.6-1.40.22 (TeX Live 2022/dev/Debian) (preloaded format=pdflatex 2023.10.15)  28 JUN 2024 19:23
entering extended mode
 restricted \write18 enabled.
 file:line:error style messages enabled.
 %&-line parsing enabled.
**/home/tomdz/Programming/Elektronika/lab6/lab6.tex
(/home/tomdz/Programming/Elektronika/lab6/lab6.tex
LaTeX2e <2021-11-15> patch level 1
L3 programming layer <2022-01-21> (/usr/share/texlive/texmf-dist/tex/latex/base/article.cls
Document Class: article 2021/10/04 v1.4n Standard LaTeX document class
(/usr/share/texlive/texmf-dist/tex/latex/base/size10.clo
File: size10.clo 2021/10/04 v1.4n Standard LaTeX file (size option)
)
\c@part=\count185
\c@section=\count186
\c@subsection=\count187
\c@subsubsection=\count188
\c@paragraph=\count189
\c@subparagraph=\count190
\c@figure=\count191
\c@table=\count192
\abovecaptionskip=\skip47
\belowcaptionskip=\skip48
\bibindent=\dimen138
) (/usr/share/texlive/texmf-dist/tex/latex/base/fontenc.sty
Package: fontenc 2021/04/29 v2.0v Standard LaTeX package
) (/usr/share/texlive/texmf-dist/tex/generic/babel/babel.sty
Package: babel 2022/01/26 3.70 The Babel package
\babel@savecnt=\count193
\U@D=\dimen139
\l@unhyphenated=\language87
 (/usr/share/texlive/texmf-dist/tex/generic/babel/txtbabel.def)
\bbl@readstream=\read2
\bbl@dirlevel=\count194
 (/usr/share/texlive/texmf-dist/tex/generic/babel-polish/polish.ldf
Language: polish 2005/03/31 v1.2l Polish support from the babel system
Package babel Info: Making " an active character on input line 83.
\pl@left=\dimen140
\pl@down=\dimen141
\pl@right=\dimen142
\pl@temp=\dimen143
)) (/usr/share/texlive/texmf-dist/tex/latex/base/inputenc.sty
Package: inputenc 2021/02/14 v1.3d Input encoding file
\inpenc@prehook=\toks16
\inpenc@posthook=\toks17
) (/usr/share/texlive/texmf-dist/tex/latex/graphics/graphicx.sty
Package: graphicx 2021/09/16 v1.2d Enhanced LaTeX Graphics (DPC,SPQR)
 (/usr/share/texlive/texmf-dist/tex/latex/graphics/keyval.sty
Package: keyval 2014/10/28 v1.15 key=value parser (DPC)
\KV@toks@=\toks18
) (/usr/share/texlive/texmf-dist/tex/latex/graphics/graphics.sty
Package: graphics 2021/03/04 v1.4d Standard LaTeX Graphics (DPC,SPQR)
 (/usr/share/texlive/texmf-dist/tex/latex/graphics/trig.sty
Package: trig 2021/08/11 v1.11 sin cos tan (DPC)
) (/usr/share/texlive/texmf-dist/tex/latex/graphics-cfg/graphics.cfg
File: graphics.cfg 2016/06/04 v1.11 sample graphics configuration
)
Package graphics Info: Driver file: pdftex.def on input line 107.
 (/usr/share/texlive/texmf-dist/tex/latex/graphics-def/pdftex.def
File: pdftex.def 2020/10/05 v1.2a Graphics/color driver for pdftex
))
\Gin@req@height=\dimen144
\Gin@req@width=\dimen145
) (/usr/share/texlive/texmf-dist/tex/latex/caption/subcaption.sty
Package: subcaption 2020/10/07 v1.3j Sub-captions (AR)
 (/usr/share/texlive/texmf-dist/tex/latex/caption/caption.sty
Package: caption 2020/10/26 v3.5g Customizing captions (AR)
 (/usr/share/texlive/texmf-dist/tex/latex/caption/caption3.sty
Package: caption3 2020/10/21 v2.2e caption3 kernel (AR)
\captionmargin=\dimen146
\captionmargin@=\dimen147
\captionwidth=\dimen148
\caption@tempdima=\dimen149
\caption@indent=\dimen150
\caption@parindent=\dimen151
\caption@hangindent=\dimen152
Package caption Info: Standard document class detected.
)
\c@caption@flags=\count195
\c@continuedfloat=\count196
)
\c@subfigure=\count197
\c@subtable=\count198
) (/usr/share/texlive/texmf-dist/tex/latex/geometry/geometry.sty
Package: geometry 2020/01/02 v5.9 Page Geometry
 (/usr/share/texlive/texmf-dist/tex/generic/iftex/ifvtex.sty
Package: ifvtex 2019/10/25 v1.7 ifvtex legacy package. Use iftex instead.
 (/usr/share/texlive/texmf-dist/tex/generic/iftex/iftex.sty
Package: iftex 2020/03/06 v1.0d TeX engine tests
))
\Gm@cnth=\count199
\Gm@cntv=\count266
\c@Gm@tempcnt=\count267
\Gm@bindingoffset=\dimen153
\Gm@wd@mp=\dimen154
\Gm@odd@mp=\dimen155
\Gm@even@mp=\dimen156
\Gm@layoutwidth=\dimen157
\Gm@layoutheight=\dimen158
\Gm@layouthoffset=\dimen159
\Gm@layoutvoffset=\dimen160
\Gm@dimlist=\toks19
) (/usr/share/texlive/texmf-dist/tex/latex/listings/listings.sty
\lst@mode=\count268
\lst@gtempboxa=\box50
\lst@token=\toks20
\lst@length=\count269
\lst@currlwidth=\dimen161
\lst@column=\count270
\lst@pos=\count271
\lst@lostspace=\dimen162
\lst@width=\dimen163
\lst@newlines=\count272
\lst@lineno=\count273
\lst@maxwidth=\dimen164
 (/usr/share/texlive/texmf-dist/tex/latex/listings/lstmisc.sty
File: lstmisc.sty 2020/03/24 1.8d (Carsten Heinz)
\c@lstnumber=\count274
\lst@skipnumbers=\count275
\lst@framebox=\box51
) (/usr/share/texlive/texmf-dist/tex/latex/listings/listings.cfg
File: listings.cfg 2020/03/24 1.8d listings configuration
))
Package: listings 2020/03/24 1.8d (Carsten Heinz)
 (/usr/share/texlive/texmf-dist/tex/latex/graphics/color.sty
Package: color 2021/12/07 v1.3c Standard LaTeX Color (DPC)
 (/usr/share/texlive/texmf-dist/tex/latex/graphics-cfg/color.cfg
File: color.cfg 2016/01/02 v1.6 sample color configuration
)
Package color Info: Driver file: pdftex.def on input line 149.
) (/usr/share/texlive/texmf-dist/tex/latex/amsmath/amsmath.sty
Package: amsmath 2021/10/15 v2.17l AMS math features
\@mathmargin=\skip49

For additional information on amsmath, use the `?' option.
(/usr/share/texlive/texmf-dist/tex/latex/amsmath/amstext.sty
Package: amstext 2021/08/26 v2.01 AMS text
 (/usr/share/texlive/texmf-dist/tex/latex/amsmath/amsgen.sty
File: amsgen.sty 1999/11/30 v2.0 generic functions
\@emptytoks=\toks21
\ex@=\dimen165
)) (/usr/share/texlive/texmf-dist/tex/latex/amsmath/amsbsy.sty
Package: amsbsy 1999/11/29 v1.2d Bold Symbols
\pmbraise@=\dimen166
) (/usr/share/texlive/texmf-dist/tex/latex/amsmath/amsopn.sty
Package: amsopn 2021/08/26 v2.02 operator names
)
\inf@bad=\count276
LaTeX Info: Redefining \frac on input line 234.
\uproot@=\count277
\leftroot@=\count278
LaTeX Info: Redefining \overline on input line 399.
\classnum@=\count279
\DOTSCASE@=\count280
LaTeX Info: Redefining \ldots on input line 496.
LaTeX Info: Redefining \dots on input line 499.
LaTeX Info: Redefining \cdots on input line 620.
\Mathstrutbox@=\box52
\strutbox@=\box53
\big@size=\dimen167
LaTeX Font Info:    Redeclaring font encoding OML on input line 743.
LaTeX Font Info:    Redeclaring font encoding OMS on input line 744.
\macc@depth=\count281
\c@MaxMatrixCols=\count282
\dotsspace@=\muskip16
\c@parentequation=\count283
\dspbrk@lvl=\count284
\tag@help=\toks22
\row@=\count285
\column@=\count286
\maxfields@=\count287
\andhelp@=\toks23
\eqnshift@=\dimen168
\alignsep@=\dimen169
\tagshift@=\dimen170
\tagwidth@=\dimen171
\totwidth@=\dimen172
\lineht@=\dimen173
\@envbody=\toks24
\multlinegap=\skip50
\multlinetaggap=\skip51
\mathdisplay@stack=\toks25
LaTeX Info: Redefining \[ on input line 2938.
LaTeX Info: Redefining \] on input line 2939.
) (/usr/share/texlive/texmf-dist/tex/latex/xcolor/xcolor.sty
Package: xcolor 2021/10/31 v2.13 LaTeX color extensions (UK)
 (/usr/share/texlive/texmf-dist/tex/latex/graphics-cfg/color.cfg
File: color.cfg 2016/01/02 v1.6 sample color configuration
)
Package xcolor Info: Driver file: pdftex.def on input line 227.
LaTeX Info: Redefining \color on input line 711.
Package xcolor Info: Model `cmy' substituted by `cmy0' on input line 1352.
Package xcolor Info: Model `hsb' substituted by `rgb' on input line 1356.
Package xcolor Info: Model `RGB' extended on input line 1368.
Package xcolor Info: Model `HTML' substituted by `rgb' on input line 1370.
Package xcolor Info: Model `Hsb' substituted by `hsb' on input line 1371.
Package xcolor Info: Model `tHsb' substituted by `hsb' on input line 1372.
Package xcolor Info: Model `HSB' substituted by `hsb' on input line 1373.
Package xcolor Info: Model `Gray' substituted by `gray' on input line 1374.
Package xcolor Info: Model `wave' substituted by `hsb' on input line 1375.
) (/usr/share/texlive/texmf-dist/tex/generic/systeme/systeme.sty (/usr/share/texlive/texmf-dist/tex/generic/xstring/xstring.sty (/usr/share/texlive/texmf-dist/tex/generic/xstring/xstring.tex
\integerpart=\count288
\decimalpart=\count289
)
Package: xstring 2021/07/21 v1.84 String manipulations (CT)
) (/usr/share/texlive/texmf-dist/tex/generic/systeme/systeme.tex
\SYS_systemecode=\toks26
\SYS_systempreamble=\toks27
\SYSeqnum=\count290
)
Package: systeme 2020/05/03 v0.34 Mise en forme de systemes d'equations (CT)
) (/usr/share/texlive/texmf-dist/tex/latex/tools/indentfirst.sty
Package: indentfirst 1995/11/23 v1.03 Indent first paragraph (DPC)
) (/usr/share/texlive/texmf-dist/tex/latex/doublestroke/dsfont.sty
Package: dsfont 1995/08/01 v0.1 Double stroke roman fonts
) (/usr/share/texlive/texmf-dist/tex/latex/etoolbox/etoolbox.sty
Package: etoolbox 2020/10/05 v2.5k e-TeX tools for LaTeX (JAW)
\etb@tempcnta=\count291
) (/usr/share/texlive/texmf-dist/tex/latex/blindtext/blindtext.sty
Package: blindtext 2012/01/06 V2.0 blindtext-Package
 (/usr/share/texlive/texmf-dist/tex/latex/tools/xspace.sty
Package: xspace 2014/10/28 v1.13 Space after command names (DPC,MH)
)
\c@blindtext=\count292
\c@Blindtext=\count293
\c@blind@countparstart=\count294
\blind@countxx=\count295
\blindtext@numBlindtext=\count296
\blind@countyy=\count297
\c@blindlist=\count298
\c@blindlistlevel=\count299
\c@blindlist@level=\count300
\blind@listitem=\count301
\c@blind@listcount=\count302
\c@blind@levelcount=\count303
\blind@mathformula=\count304
\blind@Mathformula=\count305
\c@blind@randomcount=\count306
\c@blind@randommax=\count307
\c@blind@pangramcount=\count308
\c@blind@pangrammax=\count309
) (/usr/share/texlive/texmf-dist/tex/latex/fancyhdr/fancyhdr.sty
Package: fancyhdr 2021/01/28 v4.0.1 Extensive control of page headers and footers
\f@nch@headwidth=\skip52
\f@nch@O@elh=\skip53
\f@nch@O@erh=\skip54
\f@nch@O@olh=\skip55
\f@nch@O@orh=\skip56
\f@nch@O@elf=\skip57
\f@nch@O@erf=\skip58
\f@nch@O@olf=\skip59
\f@nch@O@orf=\skip60
) (/usr/share/texlive/texmf-dist/tex/latex/hyperref/hyperref.sty
Package: hyperref 2021-06-07 v7.00m Hypertext links for LaTeX
 (/usr/share/texlive/texmf-dist/tex/generic/ltxcmds/ltxcmds.sty
Package: ltxcmds 2020-05-10 v1.25 LaTeX kernel commands for general use (HO)
) (/usr/share/texlive/texmf-dist/tex/generic/pdftexcmds/pdftexcmds.sty
Package: pdftexcmds 2020-06-27 v0.33 Utility functions of pdfTeX for LuaTeX (HO)
 (/usr/share/texlive/texmf-dist/tex/generic/infwarerr/infwarerr.sty
Package: infwarerr 2019/12/03 v1.5 Providing info/warning/error messages (HO)
)
Package pdftexcmds Info: \pdf@primitive is available.
Package pdftexcmds Info: \pdf@ifprimitive is available.
Package pdftexcmds Info: \pdfdraftmode found.
) (/usr/share/texlive/texmf-dist/tex/generic/kvsetkeys/kvsetkeys.sty
Package: kvsetkeys 2019/12/15 v1.18 Key value parser (HO)
) (/usr/share/texlive/texmf-dist/tex/generic/kvdefinekeys/kvdefinekeys.sty
Package: kvdefinekeys 2019-12-19 v1.6 Define keys (HO)
) (/usr/share/texlive/texmf-dist/tex/generic/pdfescape/pdfescape.sty
Package: pdfescape 2019/12/09 v1.15 Implements pdfTeX's escape features (HO)
) (/usr/share/texlive/texmf-dist/tex/latex/hycolor/hycolor.sty
Package: hycolor 2020-01-27 v1.10 Color options for hyperref/bookmark (HO)
) (/usr/share/texlive/texmf-dist/tex/latex/letltxmacro/letltxmacro.sty
Package: letltxmacro 2019/12/03 v1.6 Let assignment for LaTeX macros (HO)
) (/usr/share/texlive/texmf-dist/tex/latex/auxhook/auxhook.sty
Package: auxhook 2019-12-17 v1.6 Hooks for auxiliary files (HO)
) (/usr/share/texlive/texmf-dist/tex/latex/kvoptions/kvoptions.sty
Package: kvoptions 2020-10-07 v3.14 Key value format for package options (HO)
)
\@linkdim=\dimen174
\Hy@linkcounter=\count310
\Hy@pagecounter=\count311
 (/usr/share/texlive/texmf-dist/tex/latex/hyperref/pd1enc.def
File: pd1enc.def 2021-06-07 v7.00m Hyperref: PDFDocEncoding definition (HO)
Now handling font encoding PD1 ...
... no UTF-8 mapping file for font encoding PD1
) (/usr/share/texlive/texmf-dist/tex/latex/hyperref/hyperref-langpatches.def
File: hyperref-langpatches.def 2021-06-07 v7.00m Hyperref: patches for babel languages
) (/usr/share/texlive/texmf-dist/tex/generic/intcalc/intcalc.sty
Package: intcalc 2019/12/15 v1.3 Expandable calculations with integers (HO)
) (/usr/share/texlive/texmf-dist/tex/generic/etexcmds/etexcmds.sty
Package: etexcmds 2019/12/15 v1.7 Avoid name clashes with e-TeX commands (HO)
)
\Hy@SavedSpaceFactor=\count312
 (/usr/share/texlive/texmf-dist/tex/latex/hyperref/puenc.def
File: puenc.def 2021-06-07 v7.00m Hyperref: PDF Unicode definition (HO)
Now handling font encoding PU ...
... no UTF-8 mapping file for font encoding PU
)
Package hyperref Info: Hyper figures OFF on input line 4192.
Package hyperref Info: Link nesting OFF on input line 4197.
Package hyperref Info: Hyper index ON on input line 4200.
Package hyperref Info: Plain pages OFF on input line 4207.
Package hyperref Info: Backreferencing OFF on input line 4212.
Package hyperref Info: Implicit mode ON; LaTeX internals redefined.
Package hyperref Info: Bookmarks ON on input line 4445.
\c@Hy@tempcnt=\count313
 (/usr/share/texlive/texmf-dist/tex/latex/url/url.sty
\Urlmuskip=\muskip17
Package: url 2013/09/16  ver 3.4  Verb mode for urls, etc.
)
LaTeX Info: Redefining \url on input line 4804.
\XeTeXLinkMargin=\dimen175
 (/usr/share/texlive/texmf-dist/tex/generic/bitset/bitset.sty
Package: bitset 2019/12/09 v1.3 Handle bit-vector datatype (HO)
 (/usr/share/texlive/texmf-dist/tex/generic/bigintcalc/bigintcalc.sty
Package: bigintcalc 2019/12/15 v1.5 Expandable calculations on big integers (HO)
))
\Fld@menulength=\count314
\Field@Width=\dimen176
\Fld@charsize=\dimen177
Package hyperref Info: Hyper figures OFF on input line 6076.
Package hyperref Info: Link nesting OFF on input line 6081.
Package hyperref Info: Hyper index ON on input line 6084.
Package hyperref Info: backreferencing OFF on input line 6091.
Package hyperref Info: Link coloring OFF on input line 6096.
Package hyperref Info: Link coloring with OCG OFF on input line 6101.
Package hyperref Info: PDF/A mode OFF on input line 6106.
LaTeX Info: Redefining \ref on input line 6146.
LaTeX Info: Redefining \pageref on input line 6150.
 (/usr/share/texlive/texmf-dist/tex/latex/base/atbegshi-ltx.sty
Package: atbegshi-ltx 2021/01/10 v1.0c Emulation of the original atbegshi
package with kernel methods
)
\Hy@abspage=\count315
\c@Item=\count316
\c@Hfootnote=\count317
)
Package hyperref Info: Driver (autodetected): hpdftex.
 (/usr/share/texlive/texmf-dist/tex/latex/hyperref/hpdftex.def
File: hpdftex.def 2021-06-07 v7.00m Hyperref driver for pdfTeX
 (/usr/share/texlive/texmf-dist/tex/latex/base/atveryend-ltx.sty
Package: atveryend-ltx 2020/08/19 v1.0a Emulation of the original atveryend package
with kernel methods
)
\Fld@listcount=\count318
\c@bookmark@seq@number=\count319
 (/usr/share/texlive/texmf-dist/tex/latex/rerunfilecheck/rerunfilecheck.sty
Package: rerunfilecheck 2019/12/05 v1.9 Rerun checks for auxiliary files (HO)
 (/usr/share/texlive/texmf-dist/tex/generic/uniquecounter/uniquecounter.sty
Package: uniquecounter 2019/12/15 v1.4 Provide unlimited unique counter (HO)
)
Package uniquecounter Info: New unique counter `rerunfilecheck' on input line 286.
)
\Hy@SectionHShift=\skip61
)
Package hyperref Info: Option `colorlinks' set `true' on input line 26.
 (/usr/share/texlive/texmf-dist/tex/latex/l3backend/l3backend-pdftex.def
File: l3backend-pdftex.def 2022-01-12 L3 backend support: PDF output (pdfTeX)
\l__color_backend_stack_int=\count320
\l__pdf_internal_box=\box54
) (./lab6.aux)
\openout1 = `lab6.aux'.

LaTeX Font Info:    Checking defaults for OML/cmm/m/it on input line 34.
LaTeX Font Info:    ... okay on input line 34.
LaTeX Font Info:    Checking defaults for OMS/cmsy/m/n on input line 34.
LaTeX Font Info:    ... okay on input line 34.
LaTeX Font Info:    Checking defaults for OT1/cmr/m/n on input line 34.
LaTeX Font Info:    ... okay on input line 34.
LaTeX Font Info:    Checking defaults for T1/cmr/m/n on input line 34.
LaTeX Font Info:    ... okay on input line 34.
LaTeX Font Info:    Checking defaults for TS1/cmr/m/n on input line 34.
LaTeX Font Info:    ... okay on input line 34.
LaTeX Font Info:    Checking defaults for OMX/cmex/m/n on input line 34.
LaTeX Font Info:    ... okay on input line 34.
LaTeX Font Info:    Checking defaults for U/cmr/m/n on input line 34.
LaTeX Font Info:    ... okay on input line 34.
LaTeX Font Info:    Checking defaults for PD1/pdf/m/n on input line 34.
LaTeX Font Info:    ... okay on input line 34.
LaTeX Font Info:    Checking defaults for PU/pdf/m/n on input line 34.
LaTeX Font Info:    ... okay on input line 34.
 (/usr/share/texlive/texmf-dist/tex/context/base/mkii/supp-pdf.mkii
[Loading MPS to PDF converter (version 2006.09.02).]
\scratchcounter=\count321
\scratchdimen=\dimen178
\scratchbox=\box55
\nofMPsegments=\count322
\nofMParguments=\count323
\everyMPshowfont=\toks28
\MPscratchCnt=\count324
\MPscratchDim=\dimen179
\MPnumerator=\count325
\makeMPintoPDFobject=\count326
\everyMPtoPDFconversion=\toks29
) (/usr/share/texlive/texmf-dist/tex/latex/epstopdf-pkg/epstopdf-base.sty
Package: epstopdf-base 2020-01-24 v2.11 Base part for package epstopdf
Package epstopdf-base Info: Redefining graphics rule for `.eps' on input line 485.
 (/usr/share/texlive/texmf-dist/tex/latex/latexconfig/epstopdf-sys.cfg
File: epstopdf-sys.cfg 2010/07/13 v1.3 Configuration of (r)epstopdf for TeX Live
))
Package caption Info: Begin \AtBeginDocument code.
Package caption Info: hyperref package is loaded.
Package caption Info: listings package is loaded.
Package caption Info: End \AtBeginDocument code.

*geometry* driver: auto-detecting
*geometry* detected driver: pdftex
*geometry* verbose mode - [ preamble ] result:
* driver: pdftex
* paper: <default>
* layout: <same size as paper>
* layoutoffset:(h,v)=(0.0pt,0.0pt)
* modes: 
* h-part:(L,W,R)=(56.9055pt, 500.484pt, 56.9055pt)
* v-part:(T,H,B)=(56.9055pt, 681.15898pt, 56.9055pt)
* \paperwidth=614.295pt
* \paperheight=794.96999pt
* \textwidth=500.484pt
* \textheight=681.15898pt
* \oddsidemargin=-15.36449pt
* \evensidemargin=-15.36449pt
* \topmargin=-52.36449pt
* \headheight=12.0pt
* \headsep=25.0pt
* \topskip=10.0pt
* \footskip=30.0pt
* \marginparwidth=65.0pt
* \marginparsep=11.0pt
* \columnsep=10.0pt
* \skip\footins=9.0pt plus 4.0pt minus 2.0pt
* \hoffset=0.0pt
* \voffset=0.0pt
* \mag=1000
* \@twocolumnfalse
* \@twosidefalse
* \@mparswitchfalse
* \@reversemarginfalse
* (1in=72.27pt=25.4mm, 1cm=28.453pt)

\c@lstlisting=\count327
Package hyperref Info: Link coloring ON on input line 34.
(/usr/share/texlive/texmf-dist/tex/latex/hyperref/nameref.sty
Package: nameref 2021-04-02 v2.47 Cross-referencing by name of section
 (/usr/share/texlive/texmf-dist/tex/latex/refcount/refcount.sty
Package: refcount 2019/12/15 v3.6 Data extraction from label references (HO)
) (/usr/share/texlive/texmf-dist/tex/generic/gettitlestring/gettitlestring.sty
Package: gettitlestring 2019/12/15 v1.6 Cleanup title references (HO)
)
\c@section@level=\count328
)
LaTeX Info: Redefining \ref on input line 34.
LaTeX Info: Redefining \pageref on input line 34.
LaTeX Info: Redefining \nameref on input line 34.
 (./lab6.out) (./lab6.out)
\@outlinefile=\write3
\openout3 = `lab6.out'.

 (./lab6.toc)
\tf@toc=\write4
\openout4 = `lab6.toc'.

 [1

{/var/lib/texmf/fonts/map/pdftex/updmap/pdftex.map}]
Underfull \hbox (badness 10000) in paragraph at lines 55--56

 []

Package epstopdf Info: Source file: <grafiki/Comparator_symbol.eps>
(epstopdf)                    date: 2024-06-25 18:39:55
(epstopdf)                    size: 9041 bytes
(epstopdf)             Output file: <grafiki/Comparator_symbol-eps-converted-to.pdf>
(epstopdf)                    date: 2024-06-25 18:40:35
(epstopdf)                    size: 4934 bytes
(epstopdf)             Command: <repstopdf --outfile=grafiki/Comparator_symbol-eps-converted-to.pdf grafiki/Comparator_symbol.eps>
(epstopdf)             \includegraphics on input line 65.
Package epstopdf Info: Output file is already uptodate.
<grafiki/Comparator_symbol-eps-converted-to.pdf, id=106, 200.75pt x 170.6375pt>
File: grafiki/Comparator_symbol-eps-converted-to.pdf Graphic file (type pdf)
<use grafiki/Comparator_symbol-eps-converted-to.pdf>
Package pdftex.def Info: grafiki/Comparator_symbol-eps-converted-to.pdf  used on input line 65.
(pdftex.def)             Requested size: 70.26353pt x 59.72401pt.
<grafiki/przetwornikCA_zdj.png, id=109, 2629.57407pt x 1952.79562pt>
File: grafiki/przetwornikCA_zdj.png Graphic file (type png)
<use grafiki/przetwornikCA_zdj.png>
Package pdftex.def Info: grafiki/przetwornikCA_zdj.png  used on input line 76.
(pdftex.def)             Requested size: 184.08899pt x 136.70966pt.
<grafiki/przetwornikAC_zdj.png, id=111, 2483.2775pt x 2884.7775pt>
File: grafiki/przetwornikAC_zdj.png Graphic file (type png)
<use grafiki/przetwornikAC_zdj.png>
Package pdftex.def Info: grafiki/przetwornikAC_zdj.png  used on input line 89.
(pdftex.def)             Requested size: 173.84718pt x 201.95506pt.
[2 <./grafiki/Comparator_symbol-eps-converted-to.pdf> <./grafiki/przetwornikCA_zdj.png>]
<grafiki/TranskoderStala_zdj.png, id=132, 2654.91875pt x 2192.19pt>
File: grafiki/TranskoderStala_zdj.png Graphic file (type png)
<use grafiki/TranskoderStala_zdj.png>
Package pdftex.def Info: grafiki/TranskoderStala_zdj.png  used on input line 100.
(pdftex.def)             Requested size: 185.8633pt x 153.46898pt.
<grafiki/TranskoderSRAM_zdj.png, id=133, 2629.57407pt x 1952.79562pt>
File: grafiki/TranskoderSRAM_zdj.png Graphic file (type png)
<use grafiki/TranskoderSRAM_zdj.png>
Package pdftex.def Info: grafiki/TranskoderSRAM_zdj.png  used on input line 109.
(pdftex.def)             Requested size: 184.08899pt x 136.70966pt.
 [3 <./grafiki/przetwornikAC_zdj.png> <./grafiki/TranskoderStala_zdj.png>]
<grafiki/komparator_uklad.jpg, id=141, 4047.12pt x 3035.34pt>
File: grafiki/komparator_uklad.jpg Graphic file (type jpg)
<use grafiki/komparator_uklad.jpg>
Package pdftex.def Info: grafiki/komparator_uklad.jpg  used on input line 122.
(pdftex.def)             Requested size: 202.36786pt x 151.7759pt.
<grafiki/schemat_komparator.jpg, id=142, 515.67656pt x 448.67625pt>
File: grafiki/schemat_komparator.jpg Graphic file (type jpg)
<use grafiki/schemat_komparator.jpg>
Package pdftex.def Info: grafiki/schemat_komparator.jpg  used on input line 128.
(pdftex.def)             Requested size: 180.48949pt x 157.03903pt.

Overfull \hbox (2.22166pt too wide) in paragraph at lines 120--132
[]$[]$ $[]$ 
 []

<grafiki/komparator_2.5kHz_15V_ramp.png, id=145, 602.25pt x 451.6875pt>
File: grafiki/komparator_2.5kHz_15V_ramp.png Graphic file (type png)
<use grafiki/komparator_2.5kHz_15V_ramp.png>
Package pdftex.def Info: grafiki/komparator_2.5kHz_15V_ramp.png  used on input line 139.
(pdftex.def)             Requested size: 210.79065pt x 158.09299pt.
<grafiki/komparator_5kHz_10V_sin.png, id=146, 602.25pt x 451.6875pt>
File: grafiki/komparator_5kHz_10V_sin.png Graphic file (type png)
<use grafiki/komparator_5kHz_10V_sin.png>
Package pdftex.def Info: grafiki/komparator_5kHz_10V_sin.png  used on input line 145.
(pdftex.def)             Requested size: 210.79065pt x 158.09299pt.

Overfull \hbox (2.22166pt too wide) in paragraph at lines 137--149
[]$[]$ $[]$ 
 []

[4 <./grafiki/TranskoderSRAM_zdj.png> <./grafiki/komparator_uklad.jpg> <./grafiki/schemat_komparator.jpg>]
<grafiki/komparator_5kHz_10V_sin_0ohm.png, id=158, 602.25pt x 451.6875pt>
File: grafiki/komparator_5kHz_10V_sin_0ohm.png Graphic file (type png)
<use grafiki/komparator_5kHz_10V_sin_0ohm.png>
Package pdftex.def Info: grafiki/komparator_5kHz_10V_sin_0ohm.png  used on input line 155.
(pdftex.def)             Requested size: 180.67639pt x 135.5073pt.
<grafiki/wzmacniacz_1kHz_10V_ramp_10kOhm.png, id=159, 602.25pt x 451.6875pt>
File: grafiki/wzmacniacz_1kHz_10V_ramp_10kOhm.png Graphic file (type png)
<use grafiki/wzmacniacz_1kHz_10V_ramp_10kOhm.png>
Package pdftex.def Info: grafiki/wzmacniacz_1kHz_10V_ramp_10kOhm.png  used on input line 167.
(pdftex.def)             Requested size: 180.67639pt x 135.5073pt.
<grafiki/wzmacniacz_1kHz_10V_sin_10kOhm.png, id=160, 602.25pt x 451.6875pt>
File: grafiki/wzmacniacz_1kHz_10V_sin_10kOhm.png Graphic file (type png)
<use grafiki/wzmacniacz_1kHz_10V_sin_10kOhm.png>
Package pdftex.def Info: grafiki/wzmacniacz_1kHz_10V_sin_10kOhm.png  used on input line 173.
(pdftex.def)             Requested size: 180.67639pt x 135.5073pt.

Overfull \hbox (2.22166pt too wide) in paragraph at lines 165--177
[]$[]$ $[]$ 
 []

<grafiki/wzmacniacz_10kHz_10V_sin_10kOhm.png, id=161, 602.25pt x 451.6875pt>
File: grafiki/wzmacniacz_10kHz_10V_sin_10kOhm.png Graphic file (type png)
<use grafiki/wzmacniacz_10kHz_10V_sin_10kOhm.png>
Package pdftex.def Info: grafiki/wzmacniacz_10kHz_10V_sin_10kOhm.png  used on input line 184.
(pdftex.def)             Requested size: 180.67639pt x 135.5073pt.
<grafiki/wzmacniacz_zdj.png, id=162, 3528.18124pt x 2358.8125pt>
File: grafiki/wzmacniacz_zdj.png Graphic file (type png)
<use grafiki/wzmacniacz_zdj.png>
Package pdftex.def Info: grafiki/wzmacniacz_zdj.png  used on input line 190.
(pdftex.def)             Requested size: 211.68173pt x 141.52264pt.

Overfull \hbox (2.22166pt too wide) in paragraph at lines 182--194
[]$[]$ $[]$ 
 []

[5 <./grafiki/komparator_2.5kHz_15V_ramp.png> <./grafiki/komparator_5kHz_10V_sin.png> <./grafiki/komparator_5kHz_10V_sin_0ohm.png> <./grafiki/wzmacniacz_1kHz_10V_ramp_10kOhm.png> <./grafiki/wzmacniacz_1kHz_10V_sin_10kOhm.png>]
<grafiki/6.2_schemat.jpg, id=177, 487.8225pt x 256.70906pt>
File: grafiki/6.2_schemat.jpg Graphic file (type jpg)
<use grafiki/6.2_schemat.jpg>
Package pdftex.def Info: grafiki/6.2_schemat.jpg  used on input line 203.
(pdftex.def)             Requested size: 219.5181pt x 115.518pt.
<grafiki/6.2_zdj.jpg, id=180, 4022.02625pt x 1982.40625pt>
File: grafiki/6.2_zdj.jpg Graphic file (type jpg)
<use grafiki/6.2_zdj.jpg>
Package pdftex.def Info: grafiki/6.2_zdj.jpg  used on input line 216.
(pdftex.def)             Requested size: 241.31116pt x 118.93924pt.
<grafiki/schodki.png, id=181, 602.25pt x 451.6875pt>
File: grafiki/schodki.png Graphic file (type png)
<use grafiki/schodki.png>
Package pdftex.def Info: grafiki/schodki.png  used on input line 222.
(pdftex.def)             Requested size: 210.79065pt x 158.09299pt.

Overfull \hbox (2.22166pt too wide) in paragraph at lines 214--226
[]$[]$ $[]$ 
 []

[6 <./grafiki/wzmacniacz_10kHz_10V_sin_10kOhm.png> <./grafiki/wzmacniacz_zdj.png> <./grafiki/6.2_schemat.jpg>]
<grafiki/6.3_zdj.png, id=193, 3035.34pt x 2067.97594pt>
File: grafiki/6.3_zdj.png Graphic file (type png)
<use grafiki/6.3_zdj.png>
Package pdftex.def Info: grafiki/6.3_zdj.png  used on input line 235.
(pdftex.def)             Requested size: 212.49551pt x 144.7731pt.
<grafiki/przetwornik_A_C.png, id=194, 602.25pt x 451.6875pt>
File: grafiki/przetwornik_A_C.png Graphic file (type png)
<use grafiki/przetwornik_A_C.png>
Package pdftex.def Info: grafiki/przetwornik_A_C.png  used on input line 241.
(pdftex.def)             Requested size: 210.79065pt x 158.09299pt.

Overfull \hbox (2.22166pt too wide) in paragraph at lines 233--245
[]$[]$ $[]$ 
 []

[7 <./grafiki/6.2_zdj.jpg> <./grafiki/schodki.png> <./grafiki/6.3_zdj.png> <./grafiki/przetwornik_A_C.png>]
<grafiki/7493_01.png, id=206, 350.05782pt x 204.765pt>
File: grafiki/7493_01.png Graphic file (type png)
<use grafiki/7493_01.png>
Package pdftex.def Info: grafiki/7493_01.png  used on input line 261.
(pdftex.def)             Requested size: 175.02847pt x 102.38223pt.
<grafiki/notatki.jpg, id=209, 1580.15344pt x 2427.82031pt>
File: grafiki/notatki.jpg Graphic file (type jpg)
<use grafiki/notatki.jpg>
Package pdftex.def Info: grafiki/notatki.jpg  used on input line 280.
(pdftex.def)             Requested size: 189.61023pt x 291.32587pt.
<grafiki/notatki2.jpg, id=210, 3035.34pt x 4047.12pt>
File: grafiki/notatki2.jpg Graphic file (type jpg)
<use grafiki/notatki2.jpg>
Package pdftex.def Info: grafiki/notatki2.jpg  used on input line 286.
(pdftex.def)             Requested size: 182.11253pt x 242.81673pt.

Overfull \hbox (2.22166pt too wide) in paragraph at lines 278--290
[]$[]$ $[]$ 
 []

<grafiki/reakcja2.jpg, id=211, 3035.34pt x 4047.12pt>
File: grafiki/reakcja2.jpg Graphic file (type jpg)
<use grafiki/reakcja2.jpg>
Package pdftex.def Info: grafiki/reakcja2.jpg  used on input line 295.
(pdftex.def)             Requested size: 182.11253pt x 242.81673pt.
<grafiki/reakcja1.jpg, id=212, 3035.34pt x 4047.12pt>
File: grafiki/reakcja1.jpg Graphic file (type jpg)
<use grafiki/reakcja1.jpg>
Package pdftex.def Info: grafiki/reakcja1.jpg  used on input line 301.
(pdftex.def)             Requested size: 182.11253pt x 242.81673pt.

Overfull \hbox (2.22166pt too wide) in paragraph at lines 293--305
[]$[]$ $[]$ 
 []

<grafiki/komparator_100kHz_10V_sin.png, id=213, 602.25pt x 451.6875pt>
File: grafiki/komparator_100kHz_10V_sin.png Graphic file (type png)
<use grafiki/komparator_100kHz_10V_sin.png>
Package pdftex.def Info: grafiki/komparator_100kHz_10V_sin.png  used on input line 310.
(pdftex.def)             Requested size: 210.79065pt x 158.09299pt.
<grafiki/wzmacniacz_1kHz_10V_sin_0Ohm.png, id=214, 602.25pt x 451.6875pt>
File: grafiki/wzmacniacz_1kHz_10V_sin_0Ohm.png Graphic file (type png)
<use grafiki/wzmacniacz_1kHz_10V_sin_0Ohm.png>
Package pdftex.def Info: grafiki/wzmacniacz_1kHz_10V_sin_0Ohm.png  used on input line 316.
(pdftex.def)             Requested size: 210.79065pt x 158.09299pt.

Overfull \hbox (2.22166pt too wide) in paragraph at lines 308--320
[]$[]$ $[]$ 
 []

<grafiki/wzmacniacz_30kHz_10V_ramp_10kOhm.png, id=215, 602.25pt x 451.6875pt>
File: grafiki/wzmacniacz_30kHz_10V_ramp_10kOhm.png Graphic file (type png)
<use grafiki/wzmacniacz_30kHz_10V_ramp_10kOhm.png>
Package pdftex.def Info: grafiki/wzmacniacz_30kHz_10V_ramp_10kOhm.png  used on input line 324.
(pdftex.def)             Requested size: 210.79065pt x 158.09299pt.
[8 <./grafiki/7493_01.png>] [9 <./grafiki/notatki.jpg> <./grafiki/notatki2.jpg> <./grafiki/reakcja2.jpg> <./grafiki/reakcja1.jpg>] [10 <./grafiki/komparator_100kHz_10V_sin.png> <./grafiki/wzmacniacz_1kHz_10V_sin_0Ohm.png> <./grafiki/wzmacniacz_30kHz_10V_ramp_10kOhm.png>] (./lab6.aux)
Package rerunfilecheck Info: File `lab6.out' has not changed.
(rerunfilecheck)             Checksum: AAF7DFB0E68AAA2CC70AF02D8101B41C;2906.
 ) 
Here is how much of TeX's memory you used:
 15124 strings out of 478287
 242141 string characters out of 5849288
 565779 words of memory out of 5000000
 33047 multiletter control sequences out of 15000+600000
 481877 words of font info for 56 fonts, out of 8000000 for 9000
 1141 hyphenation exceptions out of 8191
 67i,13n,77p,857b,469s stack positions out of 5000i,500n,10000p,200000b,80000s
{/usr/share/texmf/fonts/enc/dvips/cm-super/cm-super-t1.enc}</usr/share/texlive/texmf-dist/fonts/type1/public/amsfonts/cm/cmex10.pfb></usr/share/texlive/texmf-dist/fonts/type1/public/amsfonts/cm/cmmi10.pfb></usr/share/texlive/texmf-dist/fonts/type1/public/amsfonts/cm/cmmi6.pfb></usr/share/texlive/texmf-dist/fonts/type1/public/amsfonts/cm/cmmi9.pfb></usr/share/texlive/texmf-dist/fonts/type1/public/amsfonts/cm/cmr10.pfb></usr/share/texlive/texmf-dist/fonts/type1/public/amsfonts/cm/cmr5.pfb></usr/share/texlive/texmf-dist/fonts/type1/public/amsfonts/cm/cmr6.pfb></usr/share/texlive/texmf-dist/fonts/type1/public/amsfonts/cm/cmr7.pfb></usr/share/texlive/texmf-dist/fonts/type1/public/amsfonts/cm/cmr9.pfb></usr/share/texlive/texmf-dist/fonts/type1/public/amsfonts/cm/cmsy6.pfb></usr/share/texlive/texmf-dist/fonts/type1/public/amsfonts/cm/cmsy7.pfb></usr/share/texlive/texmf-dist/fonts/type1/public/amsfonts/cm/cmsy9.pfb></usr/share/texmf/fonts/type1/public/cm-super/sfbx0900.pfb></usr/share/texmf/fonts/type1/public/cm-super/sfbx1000.pfb></usr/share/texmf/fonts/type1/public/cm-super/sfbx1200.pfb></usr/share/texmf/fonts/type1/public/cm-super/sfbx1440.pfb></usr/share/texmf/fonts/type1/public/cm-super/sfrm0900.pfb></usr/share/texmf/fonts/type1/public/cm-super/sfrm1000.pfb></usr/share/texmf/fonts/type1/public/cm-super/sfrm1200.pfb></usr/share/texmf/fonts/type1/public/cm-super/sfrm1728.pfb></usr/share/texmf/fonts/type1/public/cm-super/sfti0900.pfb>
Output written on lab6.pdf (10 pages, 68799400 bytes).
PDF statistics:
 340 PDF objects out of 1000 (max. 8388607)
 235 compressed objects within 3 object streams
 49 named destinations out of 1000 (max. 500000)
 280 words of extra memory for PDF output out of 10000 (max. 10000000)

